2016-12-05 19:47:11 - PHP Warning:  Illegal string offset 'value' in /Applications/MAMP/htdocs/2200/catalog/view/theme/custom_theme/template/product/category.tpl on line 91
2016-12-05 19:47:11 - PHP Warning:  Illegal string offset 'href' in /Applications/MAMP/htdocs/2200/catalog/view/theme/custom_theme/template/product/category.tpl on line 94
2016-12-05 19:47:11 - PHP Warning:  Illegal string offset 'text' in /Applications/MAMP/htdocs/2200/catalog/view/theme/custom_theme/template/product/category.tpl on line 94
2016-12-05 19:47:18 - PHP Warning:  Illegal string offset 'value' in /Applications/MAMP/htdocs/2200/catalog/view/theme/custom_theme/template/product/category.tpl on line 91
2016-12-05 19:47:18 - PHP Warning:  Illegal string offset 'href' in /Applications/MAMP/htdocs/2200/catalog/view/theme/custom_theme/template/product/category.tpl on line 94
2016-12-05 19:47:18 - PHP Warning:  Illegal string offset 'text' in /Applications/MAMP/htdocs/2200/catalog/view/theme/custom_theme/template/product/category.tpl on line 94
2016-12-05 19:52:26 - PHP Warning:  Illegal string offset 'value' in /Applications/MAMP/htdocs/2200/catalog/view/theme/custom_theme/template/product/category.tpl on line 91
2016-12-05 19:52:26 - PHP Warning:  Illegal string offset 'href' in /Applications/MAMP/htdocs/2200/catalog/view/theme/custom_theme/template/product/category.tpl on line 94
2016-12-05 19:52:26 - PHP Warning:  Illegal string offset 'text' in /Applications/MAMP/htdocs/2200/catalog/view/theme/custom_theme/template/product/category.tpl on line 94
2016-12-05 20:17:08 - PHP Warning:  Illegal string offset 'value' in /Applications/MAMP/htdocs/2200/catalog/view/theme/custom_theme/template/product/category.tpl on line 91
2016-12-05 20:17:08 - PHP Warning:  Illegal string offset 'href' in /Applications/MAMP/htdocs/2200/catalog/view/theme/custom_theme/template/product/category.tpl on line 94
2016-12-05 20:17:08 - PHP Warning:  Illegal string offset 'text' in /Applications/MAMP/htdocs/2200/catalog/view/theme/custom_theme/template/product/category.tpl on line 94
2016-12-05 20:17:30 - PHP Warning:  Illegal string offset 'value' in /Applications/MAMP/htdocs/2200/catalog/view/theme/custom_theme/template/product/category.tpl on line 91
2016-12-05 20:17:30 - PHP Warning:  Illegal string offset 'href' in /Applications/MAMP/htdocs/2200/catalog/view/theme/custom_theme/template/product/category.tpl on line 94
2016-12-05 20:17:30 - PHP Warning:  Illegal string offset 'text' in /Applications/MAMP/htdocs/2200/catalog/view/theme/custom_theme/template/product/category.tpl on line 94
2016-12-05 20:53:50 - PHP Warning:  Illegal string offset 'value' in /Applications/MAMP/htdocs/2200/catalog/view/theme/custom_theme/template/product/category.tpl on line 91
2016-12-05 20:53:50 - PHP Warning:  Illegal string offset 'href' in /Applications/MAMP/htdocs/2200/catalog/view/theme/custom_theme/template/product/category.tpl on line 94
2016-12-05 20:53:50 - PHP Warning:  Illegal string offset 'text' in /Applications/MAMP/htdocs/2200/catalog/view/theme/custom_theme/template/product/category.tpl on line 94
2016-12-05 20:54:12 - PHP Warning:  Illegal string offset 'value' in /Applications/MAMP/htdocs/2200/catalog/view/theme/custom_theme/template/product/category.tpl on line 91
2016-12-05 20:54:12 - PHP Warning:  Illegal string offset 'href' in /Applications/MAMP/htdocs/2200/catalog/view/theme/custom_theme/template/product/category.tpl on line 94
2016-12-05 20:54:12 - PHP Warning:  Illegal string offset 'text' in /Applications/MAMP/htdocs/2200/catalog/view/theme/custom_theme/template/product/category.tpl on line 94
2016-12-05 20:54:32 - PHP Warning:  Illegal string offset 'value' in /Applications/MAMP/htdocs/2200/catalog/view/theme/custom_theme/template/product/category.tpl on line 91
2016-12-05 20:54:32 - PHP Warning:  Illegal string offset 'href' in /Applications/MAMP/htdocs/2200/catalog/view/theme/custom_theme/template/product/category.tpl on line 94
2016-12-05 20:54:32 - PHP Warning:  Illegal string offset 'text' in /Applications/MAMP/htdocs/2200/catalog/view/theme/custom_theme/template/product/category.tpl on line 94
2016-12-05 20:54:54 - PHP Warning:  Illegal string offset 'value' in /Applications/MAMP/htdocs/2200/catalog/view/theme/custom_theme/template/product/category.tpl on line 91
2016-12-05 20:54:54 - PHP Warning:  Illegal string offset 'href' in /Applications/MAMP/htdocs/2200/catalog/view/theme/custom_theme/template/product/category.tpl on line 94
2016-12-05 20:54:54 - PHP Warning:  Illegal string offset 'text' in /Applications/MAMP/htdocs/2200/catalog/view/theme/custom_theme/template/product/category.tpl on line 94
2016-12-05 21:34:03 - PHP Notice:  Use of undefined constant count_b - assumed 'count_b' in /Applications/MAMP/htdocs/2200/catalog/view/theme/custom_theme/template/module/banner.tpl on line 4
2016-12-05 21:34:03 - PHP Notice:  Use of undefined constant count_b - assumed 'count_b' in /Applications/MAMP/htdocs/2200/catalog/view/theme/custom_theme/template/module/banner.tpl on line 4
2016-12-05 21:34:45 - PHP Notice:  Use of undefined constant count_b - assumed 'count_b' in /Applications/MAMP/htdocs/2200/catalog/view/theme/custom_theme/template/module/banner.tpl on line 4
2016-12-05 21:34:45 - PHP Notice:  Use of undefined constant count_b - assumed 'count_b' in /Applications/MAMP/htdocs/2200/catalog/view/theme/custom_theme/template/module/banner.tpl on line 4
2016-12-05 21:34:48 - PHP Notice:  Use of undefined constant count_b - assumed 'count_b' in /Applications/MAMP/htdocs/2200/catalog/view/theme/custom_theme/template/module/banner.tpl on line 4
2016-12-05 21:34:48 - PHP Notice:  Use of undefined constant count_b - assumed 'count_b' in /Applications/MAMP/htdocs/2200/catalog/view/theme/custom_theme/template/module/banner.tpl on line 4
2016-12-05 21:34:57 - PHP Notice:  Use of undefined constant count_b - assumed 'count_b' in /Applications/MAMP/htdocs/2200/catalog/view/theme/custom_theme/template/module/banner.tpl on line 4
2016-12-05 21:34:57 - PHP Notice:  Use of undefined constant count_b - assumed 'count_b' in /Applications/MAMP/htdocs/2200/catalog/view/theme/custom_theme/template/module/banner.tpl on line 4
2016-12-05 21:34:59 - PHP Notice:  Use of undefined constant count_b - assumed 'count_b' in /Applications/MAMP/htdocs/2200/catalog/view/theme/custom_theme/template/module/banner.tpl on line 4
2016-12-05 21:34:59 - PHP Notice:  Use of undefined constant count_b - assumed 'count_b' in /Applications/MAMP/htdocs/2200/catalog/view/theme/custom_theme/template/module/banner.tpl on line 4
2016-12-05 21:35:16 - PHP Notice:  Use of undefined constant count_b - assumed 'count_b' in /Applications/MAMP/htdocs/2200/catalog/view/theme/custom_theme/template/module/banner.tpl on line 4
2016-12-05 21:35:16 - PHP Notice:  Use of undefined constant count_b - assumed 'count_b' in /Applications/MAMP/htdocs/2200/catalog/view/theme/custom_theme/template/module/banner.tpl on line 4
2016-12-05 21:35:45 - PHP Notice:  Use of undefined constant count_b - assumed 'count_b' in /Applications/MAMP/htdocs/2200/catalog/view/theme/custom_theme/template/module/banner.tpl on line 4
2016-12-05 21:35:45 - PHP Notice:  Use of undefined constant count_b - assumed 'count_b' in /Applications/MAMP/htdocs/2200/catalog/view/theme/custom_theme/template/module/banner.tpl on line 4
2016-12-05 21:46:14 - PHP Warning:  Illegal string offset 'value' in /Applications/MAMP/htdocs/2200/catalog/view/theme/custom_theme/template/product/category.tpl on line 91
2016-12-05 21:46:14 - PHP Warning:  Illegal string offset 'href' in /Applications/MAMP/htdocs/2200/catalog/view/theme/custom_theme/template/product/category.tpl on line 94
2016-12-05 21:46:14 - PHP Warning:  Illegal string offset 'text' in /Applications/MAMP/htdocs/2200/catalog/view/theme/custom_theme/template/product/category.tpl on line 94
2016-12-05 21:47:13 - PHP Warning:  Illegal string offset 'value' in /Applications/MAMP/htdocs/2200/catalog/view/theme/custom_theme/template/product/category.tpl on line 91
2016-12-05 21:47:13 - PHP Warning:  Illegal string offset 'href' in /Applications/MAMP/htdocs/2200/catalog/view/theme/custom_theme/template/product/category.tpl on line 94
2016-12-05 21:47:13 - PHP Warning:  Illegal string offset 'text' in /Applications/MAMP/htdocs/2200/catalog/view/theme/custom_theme/template/product/category.tpl on line 94
2016-12-05 21:47:15 - PHP Warning:  Illegal string offset 'value' in /Applications/MAMP/htdocs/2200/catalog/view/theme/custom_theme/template/product/category.tpl on line 91
2016-12-05 21:47:15 - PHP Warning:  Illegal string offset 'href' in /Applications/MAMP/htdocs/2200/catalog/view/theme/custom_theme/template/product/category.tpl on line 94
2016-12-05 21:47:15 - PHP Warning:  Illegal string offset 'text' in /Applications/MAMP/htdocs/2200/catalog/view/theme/custom_theme/template/product/category.tpl on line 94
2016-12-05 21:47:17 - PHP Warning:  Illegal string offset 'value' in /Applications/MAMP/htdocs/2200/catalog/view/theme/custom_theme/template/product/category.tpl on line 91
2016-12-05 21:47:17 - PHP Warning:  Illegal string offset 'href' in /Applications/MAMP/htdocs/2200/catalog/view/theme/custom_theme/template/product/category.tpl on line 94
2016-12-05 21:47:17 - PHP Warning:  Illegal string offset 'text' in /Applications/MAMP/htdocs/2200/catalog/view/theme/custom_theme/template/product/category.tpl on line 94
2016-12-05 21:47:21 - PHP Warning:  Illegal string offset 'value' in /Applications/MAMP/htdocs/2200/catalog/view/theme/custom_theme/template/product/category.tpl on line 91
2016-12-05 21:47:21 - PHP Warning:  Illegal string offset 'href' in /Applications/MAMP/htdocs/2200/catalog/view/theme/custom_theme/template/product/category.tpl on line 94
2016-12-05 21:47:21 - PHP Warning:  Illegal string offset 'text' in /Applications/MAMP/htdocs/2200/catalog/view/theme/custom_theme/template/product/category.tpl on line 94
2016-12-05 21:48:07 - PHP Warning:  Illegal string offset 'value' in /Applications/MAMP/htdocs/2200/catalog/view/theme/custom_theme/template/product/category.tpl on line 91
2016-12-05 21:48:07 - PHP Warning:  Illegal string offset 'href' in /Applications/MAMP/htdocs/2200/catalog/view/theme/custom_theme/template/product/category.tpl on line 94
2016-12-05 21:48:07 - PHP Warning:  Illegal string offset 'text' in /Applications/MAMP/htdocs/2200/catalog/view/theme/custom_theme/template/product/category.tpl on line 94
2016-12-05 21:50:31 - PHP Warning:  Illegal string offset 'value' in /Applications/MAMP/htdocs/2200/catalog/view/theme/custom_theme/template/product/category.tpl on line 91
2016-12-05 21:50:31 - PHP Warning:  Illegal string offset 'href' in /Applications/MAMP/htdocs/2200/catalog/view/theme/custom_theme/template/product/category.tpl on line 94
2016-12-05 21:50:31 - PHP Warning:  Illegal string offset 'text' in /Applications/MAMP/htdocs/2200/catalog/view/theme/custom_theme/template/product/category.tpl on line 94
2016-12-05 21:50:39 - PHP Warning:  Illegal string offset 'value' in /Applications/MAMP/htdocs/2200/catalog/view/theme/custom_theme/template/product/category.tpl on line 91
2016-12-05 21:50:39 - PHP Warning:  Illegal string offset 'href' in /Applications/MAMP/htdocs/2200/catalog/view/theme/custom_theme/template/product/category.tpl on line 94
2016-12-05 21:50:39 - PHP Warning:  Illegal string offset 'text' in /Applications/MAMP/htdocs/2200/catalog/view/theme/custom_theme/template/product/category.tpl on line 94
2016-12-05 21:50:42 - PHP Warning:  Illegal string offset 'value' in /Applications/MAMP/htdocs/2200/catalog/view/theme/custom_theme/template/product/category.tpl on line 91
2016-12-05 21:50:42 - PHP Warning:  Illegal string offset 'href' in /Applications/MAMP/htdocs/2200/catalog/view/theme/custom_theme/template/product/category.tpl on line 94
2016-12-05 21:50:42 - PHP Warning:  Illegal string offset 'text' in /Applications/MAMP/htdocs/2200/catalog/view/theme/custom_theme/template/product/category.tpl on line 94
2016-12-05 21:59:25 - PHP Warning:  Illegal string offset 'value' in /Applications/MAMP/htdocs/2200/catalog/view/theme/custom_theme/template/product/category.tpl on line 91
2016-12-05 21:59:25 - PHP Warning:  Illegal string offset 'href' in /Applications/MAMP/htdocs/2200/catalog/view/theme/custom_theme/template/product/category.tpl on line 94
2016-12-05 21:59:25 - PHP Warning:  Illegal string offset 'text' in /Applications/MAMP/htdocs/2200/catalog/view/theme/custom_theme/template/product/category.tpl on line 94
2016-12-05 22:00:39 - PHP Warning:  Illegal string offset 'value' in /Applications/MAMP/htdocs/2200/catalog/view/theme/custom_theme/template/product/category.tpl on line 91
2016-12-05 22:00:39 - PHP Warning:  Illegal string offset 'href' in /Applications/MAMP/htdocs/2200/catalog/view/theme/custom_theme/template/product/category.tpl on line 94
2016-12-05 22:00:39 - PHP Warning:  Illegal string offset 'text' in /Applications/MAMP/htdocs/2200/catalog/view/theme/custom_theme/template/product/category.tpl on line 94
2016-12-05 22:01:10 - PHP Warning:  Illegal string offset 'value' in /Applications/MAMP/htdocs/2200/catalog/view/theme/custom_theme/template/product/category.tpl on line 91
2016-12-05 22:01:10 - PHP Warning:  Illegal string offset 'href' in /Applications/MAMP/htdocs/2200/catalog/view/theme/custom_theme/template/product/category.tpl on line 94
2016-12-05 22:01:10 - PHP Warning:  Illegal string offset 'text' in /Applications/MAMP/htdocs/2200/catalog/view/theme/custom_theme/template/product/category.tpl on line 94
2016-12-05 22:03:27 - PHP Warning:  Illegal string offset 'value' in /Applications/MAMP/htdocs/2200/catalog/view/theme/custom_theme/template/product/category.tpl on line 91
2016-12-05 22:03:27 - PHP Warning:  Illegal string offset 'href' in /Applications/MAMP/htdocs/2200/catalog/view/theme/custom_theme/template/product/category.tpl on line 94
2016-12-05 22:03:27 - PHP Warning:  Illegal string offset 'text' in /Applications/MAMP/htdocs/2200/catalog/view/theme/custom_theme/template/product/category.tpl on line 94
2016-12-05 22:06:33 - PHP Warning:  Illegal string offset 'value' in /Applications/MAMP/htdocs/2200/catalog/view/theme/custom_theme/template/product/category.tpl on line 91
2016-12-05 22:06:33 - PHP Warning:  Illegal string offset 'href' in /Applications/MAMP/htdocs/2200/catalog/view/theme/custom_theme/template/product/category.tpl on line 94
2016-12-05 22:06:33 - PHP Warning:  Illegal string offset 'text' in /Applications/MAMP/htdocs/2200/catalog/view/theme/custom_theme/template/product/category.tpl on line 94
2016-12-05 22:08:33 - PHP Warning:  Illegal string offset 'value' in /Applications/MAMP/htdocs/2200/catalog/view/theme/custom_theme/template/product/category.tpl on line 91
2016-12-05 22:08:33 - PHP Warning:  Illegal string offset 'href' in /Applications/MAMP/htdocs/2200/catalog/view/theme/custom_theme/template/product/category.tpl on line 94
2016-12-05 22:08:33 - PHP Warning:  Illegal string offset 'text' in /Applications/MAMP/htdocs/2200/catalog/view/theme/custom_theme/template/product/category.tpl on line 94
2016-12-05 22:09:00 - PHP Warning:  Illegal string offset 'value' in /Applications/MAMP/htdocs/2200/catalog/view/theme/custom_theme/template/product/category.tpl on line 91
2016-12-05 22:09:00 - PHP Warning:  Illegal string offset 'href' in /Applications/MAMP/htdocs/2200/catalog/view/theme/custom_theme/template/product/category.tpl on line 94
2016-12-05 22:09:00 - PHP Warning:  Illegal string offset 'text' in /Applications/MAMP/htdocs/2200/catalog/view/theme/custom_theme/template/product/category.tpl on line 94
2016-12-05 22:10:38 - PHP Warning:  Illegal string offset 'value' in /Applications/MAMP/htdocs/2200/catalog/view/theme/custom_theme/template/product/category.tpl on line 90
2016-12-05 22:10:38 - PHP Warning:  Illegal string offset 'href' in /Applications/MAMP/htdocs/2200/catalog/view/theme/custom_theme/template/product/category.tpl on line 93
2016-12-05 22:10:38 - PHP Warning:  Illegal string offset 'text' in /Applications/MAMP/htdocs/2200/catalog/view/theme/custom_theme/template/product/category.tpl on line 93
2016-12-05 22:10:56 - PHP Warning:  Illegal string offset 'value' in /Applications/MAMP/htdocs/2200/catalog/view/theme/custom_theme/template/product/category.tpl on line 86
2016-12-05 22:10:56 - PHP Warning:  Illegal string offset 'href' in /Applications/MAMP/htdocs/2200/catalog/view/theme/custom_theme/template/product/category.tpl on line 89
2016-12-05 22:10:56 - PHP Warning:  Illegal string offset 'text' in /Applications/MAMP/htdocs/2200/catalog/view/theme/custom_theme/template/product/category.tpl on line 89
2016-12-05 22:13:14 - PHP Warning:  Illegal string offset 'value' in /Applications/MAMP/htdocs/2200/catalog/view/theme/custom_theme/template/product/category.tpl on line 90
2016-12-05 22:13:14 - PHP Warning:  Illegal string offset 'href' in /Applications/MAMP/htdocs/2200/catalog/view/theme/custom_theme/template/product/category.tpl on line 93
2016-12-05 22:13:14 - PHP Warning:  Illegal string offset 'text' in /Applications/MAMP/htdocs/2200/catalog/view/theme/custom_theme/template/product/category.tpl on line 93
2016-12-05 22:13:54 - PHP Warning:  Illegal string offset 'value' in /Applications/MAMP/htdocs/2200/catalog/view/theme/custom_theme/template/product/category.tpl on line 90
2016-12-05 22:13:54 - PHP Warning:  Illegal string offset 'href' in /Applications/MAMP/htdocs/2200/catalog/view/theme/custom_theme/template/product/category.tpl on line 93
2016-12-05 22:13:54 - PHP Warning:  Illegal string offset 'text' in /Applications/MAMP/htdocs/2200/catalog/view/theme/custom_theme/template/product/category.tpl on line 93
2016-12-05 22:15:15 - PHP Warning:  Illegal string offset 'value' in /Applications/MAMP/htdocs/2200/catalog/view/theme/custom_theme/template/product/category.tpl on line 91
2016-12-05 22:15:15 - PHP Warning:  Illegal string offset 'href' in /Applications/MAMP/htdocs/2200/catalog/view/theme/custom_theme/template/product/category.tpl on line 94
2016-12-05 22:15:15 - PHP Warning:  Illegal string offset 'text' in /Applications/MAMP/htdocs/2200/catalog/view/theme/custom_theme/template/product/category.tpl on line 94
2016-12-05 22:19:33 - PHP Warning:  Illegal string offset 'value' in /Applications/MAMP/htdocs/2200/catalog/view/theme/custom_theme/template/product/category.tpl on line 91
2016-12-05 22:19:33 - PHP Warning:  Illegal string offset 'href' in /Applications/MAMP/htdocs/2200/catalog/view/theme/custom_theme/template/product/category.tpl on line 94
2016-12-05 22:19:33 - PHP Warning:  Illegal string offset 'text' in /Applications/MAMP/htdocs/2200/catalog/view/theme/custom_theme/template/product/category.tpl on line 94
2016-12-05 22:34:50 - PHP Warning:  Illegal string offset 'value' in /Applications/MAMP/htdocs/2200/catalog/view/theme/custom_theme/template/product/category.tpl on line 91
2016-12-05 22:34:50 - PHP Warning:  Illegal string offset 'href' in /Applications/MAMP/htdocs/2200/catalog/view/theme/custom_theme/template/product/category.tpl on line 94
2016-12-05 22:34:50 - PHP Warning:  Illegal string offset 'text' in /Applications/MAMP/htdocs/2200/catalog/view/theme/custom_theme/template/product/category.tpl on line 94
2016-12-05 22:37:21 - PHP Warning:  Illegal string offset 'value' in /Applications/MAMP/htdocs/2200/catalog/view/theme/custom_theme/template/product/category.tpl on line 91
2016-12-05 22:37:21 - PHP Warning:  Illegal string offset 'href' in /Applications/MAMP/htdocs/2200/catalog/view/theme/custom_theme/template/product/category.tpl on line 94
2016-12-05 22:37:21 - PHP Warning:  Illegal string offset 'text' in /Applications/MAMP/htdocs/2200/catalog/view/theme/custom_theme/template/product/category.tpl on line 94
2016-12-05 22:37:31 - PHP Warning:  Illegal string offset 'value' in /Applications/MAMP/htdocs/2200/catalog/view/theme/custom_theme/template/product/category.tpl on line 91
2016-12-05 22:37:31 - PHP Warning:  Illegal string offset 'href' in /Applications/MAMP/htdocs/2200/catalog/view/theme/custom_theme/template/product/category.tpl on line 94
2016-12-05 22:37:31 - PHP Warning:  Illegal string offset 'text' in /Applications/MAMP/htdocs/2200/catalog/view/theme/custom_theme/template/product/category.tpl on line 94
2016-12-05 22:37:34 - PHP Warning:  Illegal string offset 'value' in /Applications/MAMP/htdocs/2200/catalog/view/theme/custom_theme/template/product/category.tpl on line 91
2016-12-05 22:37:34 - PHP Warning:  Illegal string offset 'href' in /Applications/MAMP/htdocs/2200/catalog/view/theme/custom_theme/template/product/category.tpl on line 94
2016-12-05 22:37:34 - PHP Warning:  Illegal string offset 'text' in /Applications/MAMP/htdocs/2200/catalog/view/theme/custom_theme/template/product/category.tpl on line 94
2016-12-05 22:38:16 - PHP Warning:  Illegal string offset 'value' in /Applications/MAMP/htdocs/2200/catalog/view/theme/custom_theme/template/product/category.tpl on line 91
2016-12-05 22:38:16 - PHP Warning:  Illegal string offset 'href' in /Applications/MAMP/htdocs/2200/catalog/view/theme/custom_theme/template/product/category.tpl on line 94
2016-12-05 22:38:16 - PHP Warning:  Illegal string offset 'text' in /Applications/MAMP/htdocs/2200/catalog/view/theme/custom_theme/template/product/category.tpl on line 94
2016-12-05 22:38:18 - PHP Warning:  Illegal string offset 'value' in /Applications/MAMP/htdocs/2200/catalog/view/theme/custom_theme/template/product/category.tpl on line 91
2016-12-05 22:38:18 - PHP Warning:  Illegal string offset 'href' in /Applications/MAMP/htdocs/2200/catalog/view/theme/custom_theme/template/product/category.tpl on line 94
2016-12-05 22:38:18 - PHP Warning:  Illegal string offset 'text' in /Applications/MAMP/htdocs/2200/catalog/view/theme/custom_theme/template/product/category.tpl on line 94
2016-12-05 22:38:39 - PHP Warning:  Illegal string offset 'value' in /Applications/MAMP/htdocs/2200/catalog/view/theme/custom_theme/template/product/category.tpl on line 91
2016-12-05 22:38:39 - PHP Warning:  Illegal string offset 'href' in /Applications/MAMP/htdocs/2200/catalog/view/theme/custom_theme/template/product/category.tpl on line 94
2016-12-05 22:38:39 - PHP Warning:  Illegal string offset 'text' in /Applications/MAMP/htdocs/2200/catalog/view/theme/custom_theme/template/product/category.tpl on line 94
2016-12-05 22:39:19 - PHP Warning:  Illegal string offset 'value' in /Applications/MAMP/htdocs/2200/catalog/view/theme/custom_theme/template/product/category.tpl on line 91
2016-12-05 22:39:19 - PHP Warning:  Illegal string offset 'href' in /Applications/MAMP/htdocs/2200/catalog/view/theme/custom_theme/template/product/category.tpl on line 94
2016-12-05 22:39:19 - PHP Warning:  Illegal string offset 'text' in /Applications/MAMP/htdocs/2200/catalog/view/theme/custom_theme/template/product/category.tpl on line 94
2016-12-05 22:40:00 - PHP Warning:  Illegal string offset 'value' in /Applications/MAMP/htdocs/2200/catalog/view/theme/custom_theme/template/product/category.tpl on line 91
2016-12-05 22:40:00 - PHP Warning:  Illegal string offset 'href' in /Applications/MAMP/htdocs/2200/catalog/view/theme/custom_theme/template/product/category.tpl on line 94
2016-12-05 22:40:00 - PHP Warning:  Illegal string offset 'text' in /Applications/MAMP/htdocs/2200/catalog/view/theme/custom_theme/template/product/category.tpl on line 94
2016-12-05 22:45:09 - PHP Warning:  Illegal string offset 'value' in /Applications/MAMP/htdocs/2200/catalog/view/theme/custom_theme/template/product/category.tpl on line 91
2016-12-05 22:45:09 - PHP Warning:  Illegal string offset 'href' in /Applications/MAMP/htdocs/2200/catalog/view/theme/custom_theme/template/product/category.tpl on line 94
2016-12-05 22:45:09 - PHP Warning:  Illegal string offset 'text' in /Applications/MAMP/htdocs/2200/catalog/view/theme/custom_theme/template/product/category.tpl on line 94
2016-12-05 22:50:59 - PHP Warning:  Illegal string offset 'value' in /Applications/MAMP/htdocs/2200/catalog/view/theme/custom_theme/template/product/category.tpl on line 91
2016-12-05 22:51:00 - PHP Warning:  Illegal string offset 'href' in /Applications/MAMP/htdocs/2200/catalog/view/theme/custom_theme/template/product/category.tpl on line 94
2016-12-05 22:51:00 - PHP Warning:  Illegal string offset 'text' in /Applications/MAMP/htdocs/2200/catalog/view/theme/custom_theme/template/product/category.tpl on line 94
2016-12-05 22:53:30 - PHP Warning:  Illegal string offset 'value' in /Applications/MAMP/htdocs/2200/catalog/view/theme/custom_theme/template/product/category.tpl on line 91
2016-12-05 22:53:30 - PHP Warning:  Illegal string offset 'href' in /Applications/MAMP/htdocs/2200/catalog/view/theme/custom_theme/template/product/category.tpl on line 94
2016-12-05 22:53:30 - PHP Warning:  Illegal string offset 'text' in /Applications/MAMP/htdocs/2200/catalog/view/theme/custom_theme/template/product/category.tpl on line 94
2016-12-05 22:54:10 - PHP Warning:  Illegal string offset 'value' in /Applications/MAMP/htdocs/2200/catalog/view/theme/custom_theme/template/product/category.tpl on line 91
2016-12-05 22:54:10 - PHP Warning:  Illegal string offset 'href' in /Applications/MAMP/htdocs/2200/catalog/view/theme/custom_theme/template/product/category.tpl on line 94
2016-12-05 22:54:10 - PHP Warning:  Illegal string offset 'text' in /Applications/MAMP/htdocs/2200/catalog/view/theme/custom_theme/template/product/category.tpl on line 94
2016-12-05 22:54:15 - PHP Warning:  Illegal string offset 'value' in /Applications/MAMP/htdocs/2200/catalog/view/theme/custom_theme/template/product/category.tpl on line 91
2016-12-05 22:54:15 - PHP Warning:  Illegal string offset 'href' in /Applications/MAMP/htdocs/2200/catalog/view/theme/custom_theme/template/product/category.tpl on line 94
2016-12-05 22:54:15 - PHP Warning:  Illegal string offset 'text' in /Applications/MAMP/htdocs/2200/catalog/view/theme/custom_theme/template/product/category.tpl on line 94
2016-12-05 22:55:25 - PHP Warning:  Illegal string offset 'value' in /Applications/MAMP/htdocs/2200/catalog/view/theme/custom_theme/template/product/category.tpl on line 91
2016-12-05 22:55:25 - PHP Warning:  Illegal string offset 'href' in /Applications/MAMP/htdocs/2200/catalog/view/theme/custom_theme/template/product/category.tpl on line 94
2016-12-05 22:55:25 - PHP Warning:  Illegal string offset 'text' in /Applications/MAMP/htdocs/2200/catalog/view/theme/custom_theme/template/product/category.tpl on line 94
2016-12-05 22:55:33 - PHP Warning:  Illegal string offset 'value' in /Applications/MAMP/htdocs/2200/catalog/view/theme/custom_theme/template/product/category.tpl on line 91
2016-12-05 22:55:33 - PHP Warning:  Illegal string offset 'href' in /Applications/MAMP/htdocs/2200/catalog/view/theme/custom_theme/template/product/category.tpl on line 94
2016-12-05 22:55:33 - PHP Warning:  Illegal string offset 'text' in /Applications/MAMP/htdocs/2200/catalog/view/theme/custom_theme/template/product/category.tpl on line 94
2016-12-05 22:58:13 - PHP Warning:  Illegal string offset 'value' in /Applications/MAMP/htdocs/2200/catalog/view/theme/custom_theme/template/product/category.tpl on line 84
2016-12-05 22:58:13 - PHP Warning:  Illegal string offset 'href' in /Applications/MAMP/htdocs/2200/catalog/view/theme/custom_theme/template/product/category.tpl on line 87
2016-12-05 22:58:13 - PHP Warning:  Illegal string offset 'text' in /Applications/MAMP/htdocs/2200/catalog/view/theme/custom_theme/template/product/category.tpl on line 87
2016-12-05 22:58:24 - PHP Warning:  Illegal string offset 'value' in /Applications/MAMP/htdocs/2200/catalog/view/theme/custom_theme/template/product/category.tpl on line 91
2016-12-05 22:58:24 - PHP Warning:  Illegal string offset 'href' in /Applications/MAMP/htdocs/2200/catalog/view/theme/custom_theme/template/product/category.tpl on line 94
2016-12-05 22:58:24 - PHP Warning:  Illegal string offset 'text' in /Applications/MAMP/htdocs/2200/catalog/view/theme/custom_theme/template/product/category.tpl on line 94
2016-12-05 22:58:53 - PHP Warning:  Illegal string offset 'value' in /Applications/MAMP/htdocs/2200/catalog/view/theme/custom_theme/template/product/category.tpl on line 91
2016-12-05 22:58:53 - PHP Warning:  Illegal string offset 'href' in /Applications/MAMP/htdocs/2200/catalog/view/theme/custom_theme/template/product/category.tpl on line 94
2016-12-05 22:58:53 - PHP Warning:  Illegal string offset 'text' in /Applications/MAMP/htdocs/2200/catalog/view/theme/custom_theme/template/product/category.tpl on line 94
2016-12-05 22:58:58 - PHP Warning:  Illegal string offset 'value' in /Applications/MAMP/htdocs/2200/catalog/view/theme/custom_theme/template/product/category.tpl on line 91
2016-12-05 22:58:58 - PHP Warning:  Illegal string offset 'href' in /Applications/MAMP/htdocs/2200/catalog/view/theme/custom_theme/template/product/category.tpl on line 94
2016-12-05 22:58:58 - PHP Warning:  Illegal string offset 'text' in /Applications/MAMP/htdocs/2200/catalog/view/theme/custom_theme/template/product/category.tpl on line 94
2016-12-05 22:59:19 - PHP Warning:  Illegal string offset 'value' in /Applications/MAMP/htdocs/2200/catalog/view/theme/custom_theme/template/product/category.tpl on line 91
2016-12-05 22:59:19 - PHP Warning:  Illegal string offset 'href' in /Applications/MAMP/htdocs/2200/catalog/view/theme/custom_theme/template/product/category.tpl on line 94
2016-12-05 22:59:19 - PHP Warning:  Illegal string offset 'text' in /Applications/MAMP/htdocs/2200/catalog/view/theme/custom_theme/template/product/category.tpl on line 94
2016-12-05 22:59:31 - PHP Warning:  Illegal string offset 'value' in /Applications/MAMP/htdocs/2200/catalog/view/theme/custom_theme/template/product/category.tpl on line 90
2016-12-05 22:59:31 - PHP Warning:  Illegal string offset 'href' in /Applications/MAMP/htdocs/2200/catalog/view/theme/custom_theme/template/product/category.tpl on line 93
2016-12-05 22:59:31 - PHP Warning:  Illegal string offset 'text' in /Applications/MAMP/htdocs/2200/catalog/view/theme/custom_theme/template/product/category.tpl on line 93
2016-12-05 23:00:04 - PHP Warning:  Illegal string offset 'value' in /Applications/MAMP/htdocs/2200/catalog/view/theme/custom_theme/template/product/category.tpl on line 90
2016-12-05 23:00:04 - PHP Warning:  Illegal string offset 'href' in /Applications/MAMP/htdocs/2200/catalog/view/theme/custom_theme/template/product/category.tpl on line 93
2016-12-05 23:00:04 - PHP Warning:  Illegal string offset 'text' in /Applications/MAMP/htdocs/2200/catalog/view/theme/custom_theme/template/product/category.tpl on line 93
2016-12-05 23:00:21 - PHP Warning:  Illegal string offset 'value' in /Applications/MAMP/htdocs/2200/catalog/view/theme/custom_theme/template/product/category.tpl on line 84
2016-12-05 23:00:21 - PHP Warning:  Illegal string offset 'href' in /Applications/MAMP/htdocs/2200/catalog/view/theme/custom_theme/template/product/category.tpl on line 87
2016-12-05 23:00:21 - PHP Warning:  Illegal string offset 'text' in /Applications/MAMP/htdocs/2200/catalog/view/theme/custom_theme/template/product/category.tpl on line 87
2016-12-05 23:00:52 - PHP Warning:  Illegal string offset 'value' in /Applications/MAMP/htdocs/2200/catalog/view/theme/custom_theme/template/product/category.tpl on line 84
2016-12-05 23:00:52 - PHP Warning:  Illegal string offset 'href' in /Applications/MAMP/htdocs/2200/catalog/view/theme/custom_theme/template/product/category.tpl on line 87
2016-12-05 23:00:52 - PHP Warning:  Illegal string offset 'text' in /Applications/MAMP/htdocs/2200/catalog/view/theme/custom_theme/template/product/category.tpl on line 87
2016-12-05 23:02:17 - PHP Warning:  Illegal string offset 'value' in /Applications/MAMP/htdocs/2200/catalog/view/theme/custom_theme/template/product/category.tpl on line 84
2016-12-05 23:02:17 - PHP Warning:  Illegal string offset 'href' in /Applications/MAMP/htdocs/2200/catalog/view/theme/custom_theme/template/product/category.tpl on line 87
2016-12-05 23:02:17 - PHP Warning:  Illegal string offset 'text' in /Applications/MAMP/htdocs/2200/catalog/view/theme/custom_theme/template/product/category.tpl on line 87
2016-12-05 23:02:22 - PHP Warning:  Illegal string offset 'value' in /Applications/MAMP/htdocs/2200/catalog/view/theme/custom_theme/template/product/category.tpl on line 84
2016-12-05 23:02:22 - PHP Warning:  Illegal string offset 'href' in /Applications/MAMP/htdocs/2200/catalog/view/theme/custom_theme/template/product/category.tpl on line 87
2016-12-05 23:02:22 - PHP Warning:  Illegal string offset 'text' in /Applications/MAMP/htdocs/2200/catalog/view/theme/custom_theme/template/product/category.tpl on line 87
2016-12-05 23:02:55 - PHP Warning:  Illegal string offset 'value' in /Applications/MAMP/htdocs/2200/catalog/view/theme/custom_theme/template/product/category.tpl on line 84
2016-12-05 23:02:55 - PHP Warning:  Illegal string offset 'href' in /Applications/MAMP/htdocs/2200/catalog/view/theme/custom_theme/template/product/category.tpl on line 87
2016-12-05 23:02:55 - PHP Warning:  Illegal string offset 'text' in /Applications/MAMP/htdocs/2200/catalog/view/theme/custom_theme/template/product/category.tpl on line 87
2016-12-05 23:03:22 - PHP Warning:  Illegal string offset 'value' in /Applications/MAMP/htdocs/2200/catalog/view/theme/custom_theme/template/product/category.tpl on line 84
2016-12-05 23:03:22 - PHP Warning:  Illegal string offset 'href' in /Applications/MAMP/htdocs/2200/catalog/view/theme/custom_theme/template/product/category.tpl on line 87
2016-12-05 23:03:22 - PHP Warning:  Illegal string offset 'text' in /Applications/MAMP/htdocs/2200/catalog/view/theme/custom_theme/template/product/category.tpl on line 87
2016-12-05 23:03:40 - PHP Warning:  Illegal string offset 'value' in /Applications/MAMP/htdocs/2200/catalog/view/theme/custom_theme/template/product/category.tpl on line 84
2016-12-05 23:03:40 - PHP Warning:  Illegal string offset 'href' in /Applications/MAMP/htdocs/2200/catalog/view/theme/custom_theme/template/product/category.tpl on line 87
2016-12-05 23:03:40 - PHP Warning:  Illegal string offset 'text' in /Applications/MAMP/htdocs/2200/catalog/view/theme/custom_theme/template/product/category.tpl on line 87
2016-12-05 23:03:48 - PHP Warning:  Illegal string offset 'value' in /Applications/MAMP/htdocs/2200/catalog/view/theme/custom_theme/template/product/category.tpl on line 84
2016-12-05 23:03:48 - PHP Warning:  Illegal string offset 'href' in /Applications/MAMP/htdocs/2200/catalog/view/theme/custom_theme/template/product/category.tpl on line 87
2016-12-05 23:03:48 - PHP Warning:  Illegal string offset 'text' in /Applications/MAMP/htdocs/2200/catalog/view/theme/custom_theme/template/product/category.tpl on line 87
2016-12-05 23:04:42 - PHP Warning:  Illegal string offset 'value' in /Applications/MAMP/htdocs/2200/catalog/view/theme/custom_theme/template/product/category.tpl on line 84
2016-12-05 23:04:42 - PHP Warning:  Illegal string offset 'href' in /Applications/MAMP/htdocs/2200/catalog/view/theme/custom_theme/template/product/category.tpl on line 87
2016-12-05 23:04:42 - PHP Warning:  Illegal string offset 'text' in /Applications/MAMP/htdocs/2200/catalog/view/theme/custom_theme/template/product/category.tpl on line 87
2016-12-05 23:05:29 - PHP Warning:  Illegal string offset 'value' in /Applications/MAMP/htdocs/2200/catalog/view/theme/custom_theme/template/product/category.tpl on line 84
2016-12-05 23:05:29 - PHP Warning:  Illegal string offset 'href' in /Applications/MAMP/htdocs/2200/catalog/view/theme/custom_theme/template/product/category.tpl on line 87
2016-12-05 23:05:29 - PHP Warning:  Illegal string offset 'text' in /Applications/MAMP/htdocs/2200/catalog/view/theme/custom_theme/template/product/category.tpl on line 87
2016-12-05 23:05:36 - PHP Warning:  Illegal string offset 'value' in /Applications/MAMP/htdocs/2200/catalog/view/theme/custom_theme/template/product/category.tpl on line 84
2016-12-05 23:05:36 - PHP Warning:  Illegal string offset 'href' in /Applications/MAMP/htdocs/2200/catalog/view/theme/custom_theme/template/product/category.tpl on line 87
2016-12-05 23:05:36 - PHP Warning:  Illegal string offset 'text' in /Applications/MAMP/htdocs/2200/catalog/view/theme/custom_theme/template/product/category.tpl on line 87
2016-12-05 23:12:42 - PHP Warning:  Illegal string offset 'value' in /Applications/MAMP/htdocs/2200/catalog/view/theme/custom_theme/template/product/category.tpl on line 84
2016-12-05 23:12:42 - PHP Warning:  Illegal string offset 'href' in /Applications/MAMP/htdocs/2200/catalog/view/theme/custom_theme/template/product/category.tpl on line 87
2016-12-05 23:12:42 - PHP Warning:  Illegal string offset 'text' in /Applications/MAMP/htdocs/2200/catalog/view/theme/custom_theme/template/product/category.tpl on line 87
2016-12-05 23:16:20 - PHP Warning:  Illegal string offset 'value' in /Applications/MAMP/htdocs/2200/catalog/view/theme/custom_theme/template/product/category.tpl on line 84
2016-12-05 23:16:20 - PHP Warning:  Illegal string offset 'href' in /Applications/MAMP/htdocs/2200/catalog/view/theme/custom_theme/template/product/category.tpl on line 87
2016-12-05 23:16:20 - PHP Warning:  Illegal string offset 'text' in /Applications/MAMP/htdocs/2200/catalog/view/theme/custom_theme/template/product/category.tpl on line 87
2016-12-05 23:27:18 - PHP Warning:  Illegal string offset 'value' in /Applications/MAMP/htdocs/2200/catalog/view/theme/custom_theme/template/product/category.tpl on line 84
2016-12-05 23:27:18 - PHP Warning:  Illegal string offset 'href' in /Applications/MAMP/htdocs/2200/catalog/view/theme/custom_theme/template/product/category.tpl on line 87
2016-12-05 23:27:18 - PHP Warning:  Illegal string offset 'text' in /Applications/MAMP/htdocs/2200/catalog/view/theme/custom_theme/template/product/category.tpl on line 87
2016-12-05 23:28:53 - PHP Warning:  Illegal string offset 'value' in /Applications/MAMP/htdocs/2200/catalog/view/theme/custom_theme/template/product/category.tpl on line 84
2016-12-05 23:28:53 - PHP Warning:  Illegal string offset 'href' in /Applications/MAMP/htdocs/2200/catalog/view/theme/custom_theme/template/product/category.tpl on line 87
2016-12-05 23:28:53 - PHP Warning:  Illegal string offset 'text' in /Applications/MAMP/htdocs/2200/catalog/view/theme/custom_theme/template/product/category.tpl on line 87
2016-12-05 23:29:08 - PHP Warning:  Illegal string offset 'value' in /Applications/MAMP/htdocs/2200/catalog/view/theme/custom_theme/template/product/category.tpl on line 84
2016-12-05 23:29:08 - PHP Warning:  Illegal string offset 'href' in /Applications/MAMP/htdocs/2200/catalog/view/theme/custom_theme/template/product/category.tpl on line 87
2016-12-05 23:29:08 - PHP Warning:  Illegal string offset 'text' in /Applications/MAMP/htdocs/2200/catalog/view/theme/custom_theme/template/product/category.tpl on line 87
2016-12-05 23:32:44 - PHP Warning:  Illegal string offset 'value' in /Applications/MAMP/htdocs/2200/catalog/view/theme/custom_theme/template/product/category.tpl on line 87
2016-12-05 23:32:44 - PHP Warning:  Illegal string offset 'href' in /Applications/MAMP/htdocs/2200/catalog/view/theme/custom_theme/template/product/category.tpl on line 90
2016-12-05 23:32:44 - PHP Warning:  Illegal string offset 'text' in /Applications/MAMP/htdocs/2200/catalog/view/theme/custom_theme/template/product/category.tpl on line 90
2016-12-05 23:33:45 - PHP Warning:  Illegal string offset 'value' in /Applications/MAMP/htdocs/2200/catalog/view/theme/custom_theme/template/product/category.tpl on line 87
2016-12-05 23:33:45 - PHP Warning:  Illegal string offset 'href' in /Applications/MAMP/htdocs/2200/catalog/view/theme/custom_theme/template/product/category.tpl on line 90
2016-12-05 23:33:45 - PHP Warning:  Illegal string offset 'text' in /Applications/MAMP/htdocs/2200/catalog/view/theme/custom_theme/template/product/category.tpl on line 90
2016-12-05 23:41:52 - PHP Notice:  Undefined index: image in /Applications/MAMP/htdocs/2200/catalog/view/theme/custom_theme/template/product/category.tpl on line 50
2016-12-05 23:41:52 - PHP Notice:  Undefined index: image in /Applications/MAMP/htdocs/2200/catalog/view/theme/custom_theme/template/product/category.tpl on line 50
2016-12-05 23:41:52 - PHP Notice:  Undefined index: image in /Applications/MAMP/htdocs/2200/catalog/view/theme/custom_theme/template/product/category.tpl on line 50
2016-12-05 23:41:52 - PHP Notice:  Undefined index: image in /Applications/MAMP/htdocs/2200/catalog/view/theme/custom_theme/template/product/category.tpl on line 50
2016-12-05 23:41:52 - PHP Notice:  Undefined index: image in /Applications/MAMP/htdocs/2200/catalog/view/theme/custom_theme/template/product/category.tpl on line 50
2016-12-05 23:41:52 - PHP Notice:  Undefined index: image in /Applications/MAMP/htdocs/2200/catalog/view/theme/custom_theme/template/product/category.tpl on line 50
2016-12-05 23:43:32 - PHP Notice:  Undefined index: image in /Applications/MAMP/htdocs/2200/catalog/view/theme/custom_theme/template/product/category.tpl on line 50
2016-12-05 23:43:32 - PHP Notice:  Undefined index: image in /Applications/MAMP/htdocs/2200/catalog/view/theme/custom_theme/template/product/category.tpl on line 50
2016-12-05 23:43:32 - PHP Notice:  Undefined index: image in /Applications/MAMP/htdocs/2200/catalog/view/theme/custom_theme/template/product/category.tpl on line 50
2016-12-05 23:43:32 - PHP Notice:  Undefined index: image in /Applications/MAMP/htdocs/2200/catalog/view/theme/custom_theme/template/product/category.tpl on line 50
2016-12-05 23:43:32 - PHP Notice:  Undefined index: image in /Applications/MAMP/htdocs/2200/catalog/view/theme/custom_theme/template/product/category.tpl on line 50
2016-12-05 23:43:32 - PHP Notice:  Undefined index: image in /Applications/MAMP/htdocs/2200/catalog/view/theme/custom_theme/template/product/category.tpl on line 50
2016-12-05 23:43:41 - PHP Notice:  Undefined index: image in /Applications/MAMP/htdocs/2200/catalog/view/theme/custom_theme/template/product/category.tpl on line 50
2016-12-05 23:43:41 - PHP Notice:  Undefined index: image in /Applications/MAMP/htdocs/2200/catalog/view/theme/custom_theme/template/product/category.tpl on line 50
2016-12-05 23:43:41 - PHP Notice:  Undefined index: image in /Applications/MAMP/htdocs/2200/catalog/view/theme/custom_theme/template/product/category.tpl on line 50
2016-12-05 23:43:41 - PHP Notice:  Undefined index: image in /Applications/MAMP/htdocs/2200/catalog/view/theme/custom_theme/template/product/category.tpl on line 50
2016-12-05 23:43:41 - PHP Notice:  Undefined index: image in /Applications/MAMP/htdocs/2200/catalog/view/theme/custom_theme/template/product/category.tpl on line 50
2016-12-05 23:43:41 - PHP Notice:  Undefined index: image in /Applications/MAMP/htdocs/2200/catalog/view/theme/custom_theme/template/product/category.tpl on line 50
2016-12-05 23:45:45 - PHP Notice:  Undefined index: image in /Applications/MAMP/htdocs/2200/catalog/view/theme/custom_theme/template/product/category.tpl on line 47
2016-12-05 23:45:45 - PHP Notice:  Undefined index: image in /Applications/MAMP/htdocs/2200/catalog/view/theme/custom_theme/template/product/category.tpl on line 47
2016-12-05 23:45:45 - PHP Notice:  Undefined index: image in /Applications/MAMP/htdocs/2200/catalog/view/theme/custom_theme/template/product/category.tpl on line 47
2016-12-05 23:45:45 - PHP Notice:  Undefined index: image in /Applications/MAMP/htdocs/2200/catalog/view/theme/custom_theme/template/product/category.tpl on line 47
2016-12-05 23:45:45 - PHP Notice:  Undefined index: image in /Applications/MAMP/htdocs/2200/catalog/view/theme/custom_theme/template/product/category.tpl on line 47
2016-12-05 23:45:45 - PHP Notice:  Undefined index: image in /Applications/MAMP/htdocs/2200/catalog/view/theme/custom_theme/template/product/category.tpl on line 47
2016-12-06 19:41:54 - PHP Warning:  Illegal string offset 'value' in /Applications/MAMP/htdocs/2200/catalog/view/theme/custom_theme/template/product/category.tpl on line 87
2016-12-06 19:41:54 - PHP Warning:  Illegal string offset 'href' in /Applications/MAMP/htdocs/2200/catalog/view/theme/custom_theme/template/product/category.tpl on line 90
2016-12-06 19:41:54 - PHP Warning:  Illegal string offset 'text' in /Applications/MAMP/htdocs/2200/catalog/view/theme/custom_theme/template/product/category.tpl on line 90
2016-12-06 20:01:24 - PHP Warning:  Illegal string offset 'value' in /Applications/MAMP/htdocs/2200/catalog/view/theme/custom_theme/template/product/category.tpl on line 87
2016-12-06 20:01:24 - PHP Warning:  Illegal string offset 'href' in /Applications/MAMP/htdocs/2200/catalog/view/theme/custom_theme/template/product/category.tpl on line 90
2016-12-06 20:01:24 - PHP Warning:  Illegal string offset 'text' in /Applications/MAMP/htdocs/2200/catalog/view/theme/custom_theme/template/product/category.tpl on line 90
2016-12-06 20:03:31 - PHP Warning:  Illegal string offset 'value' in /Applications/MAMP/htdocs/2200/catalog/view/theme/custom_theme/template/product/category.tpl on line 87
2016-12-06 20:03:31 - PHP Warning:  Illegal string offset 'href' in /Applications/MAMP/htdocs/2200/catalog/view/theme/custom_theme/template/product/category.tpl on line 90
2016-12-06 20:03:31 - PHP Warning:  Illegal string offset 'text' in /Applications/MAMP/htdocs/2200/catalog/view/theme/custom_theme/template/product/category.tpl on line 90
2016-12-06 20:04:20 - PHP Warning:  Illegal string offset 'value' in /Applications/MAMP/htdocs/2200/catalog/view/theme/custom_theme/template/product/category.tpl on line 87
2016-12-06 20:04:20 - PHP Warning:  Illegal string offset 'href' in /Applications/MAMP/htdocs/2200/catalog/view/theme/custom_theme/template/product/category.tpl on line 90
2016-12-06 20:04:20 - PHP Warning:  Illegal string offset 'text' in /Applications/MAMP/htdocs/2200/catalog/view/theme/custom_theme/template/product/category.tpl on line 90
2016-12-06 20:07:23 - PHP Warning:  Illegal string offset 'value' in /Applications/MAMP/htdocs/2200/catalog/view/theme/custom_theme/template/product/category.tpl on line 87
2016-12-06 20:07:23 - PHP Warning:  Illegal string offset 'href' in /Applications/MAMP/htdocs/2200/catalog/view/theme/custom_theme/template/product/category.tpl on line 90
2016-12-06 20:07:23 - PHP Warning:  Illegal string offset 'text' in /Applications/MAMP/htdocs/2200/catalog/view/theme/custom_theme/template/product/category.tpl on line 90
2016-12-06 20:07:36 - PHP Warning:  Illegal string offset 'value' in /Applications/MAMP/htdocs/2200/catalog/view/theme/custom_theme/template/product/category.tpl on line 87
2016-12-06 20:07:36 - PHP Warning:  Illegal string offset 'href' in /Applications/MAMP/htdocs/2200/catalog/view/theme/custom_theme/template/product/category.tpl on line 90
2016-12-06 20:07:36 - PHP Warning:  Illegal string offset 'text' in /Applications/MAMP/htdocs/2200/catalog/view/theme/custom_theme/template/product/category.tpl on line 90
2016-12-06 20:07:48 - PHP Warning:  Illegal string offset 'value' in /Applications/MAMP/htdocs/2200/catalog/view/theme/custom_theme/template/product/category.tpl on line 87
2016-12-06 20:07:48 - PHP Warning:  Illegal string offset 'href' in /Applications/MAMP/htdocs/2200/catalog/view/theme/custom_theme/template/product/category.tpl on line 90
2016-12-06 20:07:48 - PHP Warning:  Illegal string offset 'text' in /Applications/MAMP/htdocs/2200/catalog/view/theme/custom_theme/template/product/category.tpl on line 90
2016-12-06 20:07:59 - PHP Warning:  Illegal string offset 'value' in /Applications/MAMP/htdocs/2200/catalog/view/theme/custom_theme/template/product/category.tpl on line 87
2016-12-06 20:07:59 - PHP Warning:  Illegal string offset 'href' in /Applications/MAMP/htdocs/2200/catalog/view/theme/custom_theme/template/product/category.tpl on line 90
2016-12-06 20:07:59 - PHP Warning:  Illegal string offset 'text' in /Applications/MAMP/htdocs/2200/catalog/view/theme/custom_theme/template/product/category.tpl on line 90
2016-12-06 20:08:25 - PHP Warning:  Illegal string offset 'value' in /Applications/MAMP/htdocs/2200/catalog/view/theme/custom_theme/template/product/category.tpl on line 87
2016-12-06 20:08:25 - PHP Warning:  Illegal string offset 'href' in /Applications/MAMP/htdocs/2200/catalog/view/theme/custom_theme/template/product/category.tpl on line 90
2016-12-06 20:08:25 - PHP Warning:  Illegal string offset 'text' in /Applications/MAMP/htdocs/2200/catalog/view/theme/custom_theme/template/product/category.tpl on line 90
2016-12-06 20:08:35 - PHP Warning:  Illegal string offset 'value' in /Applications/MAMP/htdocs/2200/catalog/view/theme/custom_theme/template/product/category.tpl on line 87
2016-12-06 20:08:35 - PHP Warning:  Illegal string offset 'href' in /Applications/MAMP/htdocs/2200/catalog/view/theme/custom_theme/template/product/category.tpl on line 90
2016-12-06 20:08:35 - PHP Warning:  Illegal string offset 'text' in /Applications/MAMP/htdocs/2200/catalog/view/theme/custom_theme/template/product/category.tpl on line 90
2016-12-06 20:09:05 - PHP Warning:  Illegal string offset 'value' in /Applications/MAMP/htdocs/2200/catalog/view/theme/custom_theme/template/product/category.tpl on line 87
2016-12-06 20:09:05 - PHP Warning:  Illegal string offset 'href' in /Applications/MAMP/htdocs/2200/catalog/view/theme/custom_theme/template/product/category.tpl on line 90
2016-12-06 20:09:05 - PHP Warning:  Illegal string offset 'text' in /Applications/MAMP/htdocs/2200/catalog/view/theme/custom_theme/template/product/category.tpl on line 90
2016-12-06 20:09:10 - PHP Warning:  Illegal string offset 'value' in /Applications/MAMP/htdocs/2200/catalog/view/theme/custom_theme/template/product/category.tpl on line 87
2016-12-06 20:09:10 - PHP Warning:  Illegal string offset 'href' in /Applications/MAMP/htdocs/2200/catalog/view/theme/custom_theme/template/product/category.tpl on line 90
2016-12-06 20:09:10 - PHP Warning:  Illegal string offset 'text' in /Applications/MAMP/htdocs/2200/catalog/view/theme/custom_theme/template/product/category.tpl on line 90
2016-12-06 20:09:38 - PHP Warning:  Illegal string offset 'value' in /Applications/MAMP/htdocs/2200/catalog/view/theme/custom_theme/template/product/category.tpl on line 87
2016-12-06 20:09:38 - PHP Warning:  Illegal string offset 'href' in /Applications/MAMP/htdocs/2200/catalog/view/theme/custom_theme/template/product/category.tpl on line 90
2016-12-06 20:09:38 - PHP Warning:  Illegal string offset 'text' in /Applications/MAMP/htdocs/2200/catalog/view/theme/custom_theme/template/product/category.tpl on line 90
2016-12-06 20:09:47 - PHP Warning:  Illegal string offset 'value' in /Applications/MAMP/htdocs/2200/catalog/view/theme/custom_theme/template/product/category.tpl on line 87
2016-12-06 20:09:47 - PHP Warning:  Illegal string offset 'href' in /Applications/MAMP/htdocs/2200/catalog/view/theme/custom_theme/template/product/category.tpl on line 90
2016-12-06 20:09:47 - PHP Warning:  Illegal string offset 'text' in /Applications/MAMP/htdocs/2200/catalog/view/theme/custom_theme/template/product/category.tpl on line 90
2016-12-06 20:28:28 - PHP Warning:  Illegal string offset 'value' in /Applications/MAMP/htdocs/2200/catalog/view/theme/custom_theme/template/product/category.tpl on line 87
2016-12-06 20:28:28 - PHP Warning:  Illegal string offset 'href' in /Applications/MAMP/htdocs/2200/catalog/view/theme/custom_theme/template/product/category.tpl on line 90
2016-12-06 20:28:28 - PHP Warning:  Illegal string offset 'text' in /Applications/MAMP/htdocs/2200/catalog/view/theme/custom_theme/template/product/category.tpl on line 90
2016-12-06 20:28:57 - PHP Warning:  Illegal string offset 'value' in /Applications/MAMP/htdocs/2200/catalog/view/theme/custom_theme/template/product/category.tpl on line 87
2016-12-06 20:28:57 - PHP Warning:  Illegal string offset 'href' in /Applications/MAMP/htdocs/2200/catalog/view/theme/custom_theme/template/product/category.tpl on line 90
2016-12-06 20:28:57 - PHP Warning:  Illegal string offset 'text' in /Applications/MAMP/htdocs/2200/catalog/view/theme/custom_theme/template/product/category.tpl on line 90
2016-12-06 20:30:27 - PHP Warning:  Illegal string offset 'value' in /Applications/MAMP/htdocs/2200/catalog/view/theme/custom_theme/template/product/category.tpl on line 87
2016-12-06 20:30:27 - PHP Warning:  Illegal string offset 'href' in /Applications/MAMP/htdocs/2200/catalog/view/theme/custom_theme/template/product/category.tpl on line 90
2016-12-06 20:30:27 - PHP Warning:  Illegal string offset 'text' in /Applications/MAMP/htdocs/2200/catalog/view/theme/custom_theme/template/product/category.tpl on line 90
2016-12-06 20:30:31 - PHP Warning:  Illegal string offset 'value' in /Applications/MAMP/htdocs/2200/catalog/view/theme/custom_theme/template/product/category.tpl on line 87
2016-12-06 20:30:31 - PHP Warning:  Illegal string offset 'href' in /Applications/MAMP/htdocs/2200/catalog/view/theme/custom_theme/template/product/category.tpl on line 90
2016-12-06 20:30:31 - PHP Warning:  Illegal string offset 'text' in /Applications/MAMP/htdocs/2200/catalog/view/theme/custom_theme/template/product/category.tpl on line 90
2016-12-06 20:35:26 - PHP Warning:  Illegal string offset 'value' in /Applications/MAMP/htdocs/2200/catalog/view/theme/custom_theme/template/product/category.tpl on line 87
2016-12-06 20:35:26 - PHP Warning:  Illegal string offset 'href' in /Applications/MAMP/htdocs/2200/catalog/view/theme/custom_theme/template/product/category.tpl on line 90
2016-12-06 20:35:26 - PHP Warning:  Illegal string offset 'text' in /Applications/MAMP/htdocs/2200/catalog/view/theme/custom_theme/template/product/category.tpl on line 90
2016-12-06 20:40:58 - PHP Warning:  Illegal string offset 'value' in /Applications/MAMP/htdocs/2200/catalog/view/theme/custom_theme/template/product/category.tpl on line 87
2016-12-06 20:40:58 - PHP Warning:  Illegal string offset 'href' in /Applications/MAMP/htdocs/2200/catalog/view/theme/custom_theme/template/product/category.tpl on line 90
2016-12-06 20:40:58 - PHP Warning:  Illegal string offset 'text' in /Applications/MAMP/htdocs/2200/catalog/view/theme/custom_theme/template/product/category.tpl on line 90
2016-12-06 21:38:03 - PHP Warning:  Illegal string offset 'value' in /Applications/MAMP/htdocs/2200/catalog/view/theme/custom_theme/template/product/category.tpl on line 87
2016-12-06 21:38:03 - PHP Warning:  Illegal string offset 'href' in /Applications/MAMP/htdocs/2200/catalog/view/theme/custom_theme/template/product/category.tpl on line 90
2016-12-06 21:38:03 - PHP Warning:  Illegal string offset 'text' in /Applications/MAMP/htdocs/2200/catalog/view/theme/custom_theme/template/product/category.tpl on line 90
2016-12-06 21:38:46 - PHP Warning:  Illegal string offset 'value' in /Applications/MAMP/htdocs/2200/catalog/view/theme/custom_theme/template/product/category.tpl on line 87
2016-12-06 21:38:46 - PHP Warning:  Illegal string offset 'href' in /Applications/MAMP/htdocs/2200/catalog/view/theme/custom_theme/template/product/category.tpl on line 90
2016-12-06 21:38:46 - PHP Warning:  Illegal string offset 'text' in /Applications/MAMP/htdocs/2200/catalog/view/theme/custom_theme/template/product/category.tpl on line 90
2016-12-06 21:49:50 - PHP Warning:  Illegal string offset 'value' in /Applications/MAMP/htdocs/2200/catalog/view/theme/custom_theme/template/product/category.tpl on line 87
2016-12-06 21:49:50 - PHP Warning:  Illegal string offset 'href' in /Applications/MAMP/htdocs/2200/catalog/view/theme/custom_theme/template/product/category.tpl on line 90
2016-12-06 21:49:50 - PHP Warning:  Illegal string offset 'text' in /Applications/MAMP/htdocs/2200/catalog/view/theme/custom_theme/template/product/category.tpl on line 90
2016-12-06 21:50:05 - PHP Warning:  Illegal string offset 'value' in /Applications/MAMP/htdocs/2200/catalog/view/theme/custom_theme/template/product/category.tpl on line 87
2016-12-06 21:50:05 - PHP Warning:  Illegal string offset 'href' in /Applications/MAMP/htdocs/2200/catalog/view/theme/custom_theme/template/product/category.tpl on line 90
2016-12-06 21:50:05 - PHP Warning:  Illegal string offset 'text' in /Applications/MAMP/htdocs/2200/catalog/view/theme/custom_theme/template/product/category.tpl on line 90
2016-12-06 21:54:17 - PHP Warning:  Illegal string offset 'value' in /Applications/MAMP/htdocs/2200/catalog/view/theme/custom_theme/template/product/category.tpl on line 87
2016-12-06 21:54:17 - PHP Warning:  Illegal string offset 'href' in /Applications/MAMP/htdocs/2200/catalog/view/theme/custom_theme/template/product/category.tpl on line 90
2016-12-06 21:54:17 - PHP Warning:  Illegal string offset 'text' in /Applications/MAMP/htdocs/2200/catalog/view/theme/custom_theme/template/product/category.tpl on line 90
2016-12-06 21:54:25 - PHP Warning:  Illegal string offset 'value' in /Applications/MAMP/htdocs/2200/catalog/view/theme/custom_theme/template/product/category.tpl on line 87
2016-12-06 21:54:25 - PHP Warning:  Illegal string offset 'href' in /Applications/MAMP/htdocs/2200/catalog/view/theme/custom_theme/template/product/category.tpl on line 90
2016-12-06 21:54:25 - PHP Warning:  Illegal string offset 'text' in /Applications/MAMP/htdocs/2200/catalog/view/theme/custom_theme/template/product/category.tpl on line 90
2016-12-06 22:08:52 - PHP Warning:  Illegal string offset 'value' in /Applications/MAMP/htdocs/2200/catalog/view/theme/custom_theme/template/product/category.tpl on line 87
2016-12-06 22:08:52 - PHP Warning:  Illegal string offset 'href' in /Applications/MAMP/htdocs/2200/catalog/view/theme/custom_theme/template/product/category.tpl on line 90
2016-12-06 22:08:52 - PHP Warning:  Illegal string offset 'text' in /Applications/MAMP/htdocs/2200/catalog/view/theme/custom_theme/template/product/category.tpl on line 90
2016-12-06 22:29:55 - PHP Warning:  Illegal string offset 'value' in /Applications/MAMP/htdocs/2200/catalog/view/theme/custom_theme/template/product/category.tpl on line 87
2016-12-06 22:29:55 - PHP Warning:  Illegal string offset 'href' in /Applications/MAMP/htdocs/2200/catalog/view/theme/custom_theme/template/product/category.tpl on line 90
2016-12-06 22:29:55 - PHP Warning:  Illegal string offset 'text' in /Applications/MAMP/htdocs/2200/catalog/view/theme/custom_theme/template/product/category.tpl on line 90
2016-12-06 22:30:37 - PHP Warning:  Illegal string offset 'value' in /Applications/MAMP/htdocs/2200/catalog/view/theme/custom_theme/template/product/category.tpl on line 87
2016-12-06 22:30:37 - PHP Warning:  Illegal string offset 'href' in /Applications/MAMP/htdocs/2200/catalog/view/theme/custom_theme/template/product/category.tpl on line 90
2016-12-06 22:30:37 - PHP Warning:  Illegal string offset 'text' in /Applications/MAMP/htdocs/2200/catalog/view/theme/custom_theme/template/product/category.tpl on line 90
2016-12-06 22:31:35 - PHP Warning:  Illegal string offset 'value' in /Applications/MAMP/htdocs/2200/catalog/view/theme/custom_theme/template/product/category.tpl on line 87
2016-12-06 22:31:35 - PHP Warning:  Illegal string offset 'href' in /Applications/MAMP/htdocs/2200/catalog/view/theme/custom_theme/template/product/category.tpl on line 90
2016-12-06 22:31:35 - PHP Warning:  Illegal string offset 'text' in /Applications/MAMP/htdocs/2200/catalog/view/theme/custom_theme/template/product/category.tpl on line 90
2016-12-06 22:32:29 - PHP Warning:  Illegal string offset 'value' in /Applications/MAMP/htdocs/2200/catalog/view/theme/custom_theme/template/product/category.tpl on line 87
2016-12-06 22:32:29 - PHP Warning:  Illegal string offset 'href' in /Applications/MAMP/htdocs/2200/catalog/view/theme/custom_theme/template/product/category.tpl on line 90
2016-12-06 22:32:29 - PHP Warning:  Illegal string offset 'text' in /Applications/MAMP/htdocs/2200/catalog/view/theme/custom_theme/template/product/category.tpl on line 90
2016-12-06 22:32:58 - PHP Warning:  Illegal string offset 'value' in /Applications/MAMP/htdocs/2200/catalog/view/theme/custom_theme/template/product/category.tpl on line 87
2016-12-06 22:32:58 - PHP Warning:  Illegal string offset 'href' in /Applications/MAMP/htdocs/2200/catalog/view/theme/custom_theme/template/product/category.tpl on line 90
2016-12-06 22:32:58 - PHP Warning:  Illegal string offset 'text' in /Applications/MAMP/htdocs/2200/catalog/view/theme/custom_theme/template/product/category.tpl on line 90
2016-12-06 22:36:05 - PHP Warning:  Illegal string offset 'value' in /Applications/MAMP/htdocs/2200/catalog/view/theme/custom_theme/template/product/category.tpl on line 87
2016-12-06 22:36:05 - PHP Warning:  Illegal string offset 'href' in /Applications/MAMP/htdocs/2200/catalog/view/theme/custom_theme/template/product/category.tpl on line 90
2016-12-06 22:36:05 - PHP Warning:  Illegal string offset 'text' in /Applications/MAMP/htdocs/2200/catalog/view/theme/custom_theme/template/product/category.tpl on line 90
2016-12-06 22:42:27 - PHP Warning:  Illegal string offset 'value' in /Applications/MAMP/htdocs/2200/catalog/view/theme/custom_theme/template/product/category.tpl on line 87
2016-12-06 22:42:27 - PHP Warning:  Illegal string offset 'href' in /Applications/MAMP/htdocs/2200/catalog/view/theme/custom_theme/template/product/category.tpl on line 90
2016-12-06 22:42:27 - PHP Warning:  Illegal string offset 'text' in /Applications/MAMP/htdocs/2200/catalog/view/theme/custom_theme/template/product/category.tpl on line 90
2016-12-06 22:46:37 - PHP Warning:  Illegal string offset 'value' in /Applications/MAMP/htdocs/2200/catalog/view/theme/custom_theme/template/product/category.tpl on line 87
2016-12-06 22:46:38 - PHP Warning:  Illegal string offset 'href' in /Applications/MAMP/htdocs/2200/catalog/view/theme/custom_theme/template/product/category.tpl on line 90
2016-12-06 22:46:38 - PHP Warning:  Illegal string offset 'text' in /Applications/MAMP/htdocs/2200/catalog/view/theme/custom_theme/template/product/category.tpl on line 90
2016-12-06 22:52:29 - PHP Warning:  Illegal string offset 'value' in /Applications/MAMP/htdocs/2200/catalog/view/theme/custom_theme/template/product/category.tpl on line 87
2016-12-06 22:52:29 - PHP Warning:  Illegal string offset 'href' in /Applications/MAMP/htdocs/2200/catalog/view/theme/custom_theme/template/product/category.tpl on line 90
2016-12-06 22:52:29 - PHP Warning:  Illegal string offset 'text' in /Applications/MAMP/htdocs/2200/catalog/view/theme/custom_theme/template/product/category.tpl on line 90
2016-12-06 22:57:20 - PHP Warning:  Illegal string offset 'value' in /Applications/MAMP/htdocs/2200/catalog/view/theme/custom_theme/template/product/category.tpl on line 87
2016-12-06 22:57:20 - PHP Warning:  Illegal string offset 'href' in /Applications/MAMP/htdocs/2200/catalog/view/theme/custom_theme/template/product/category.tpl on line 90
2016-12-06 22:57:20 - PHP Warning:  Illegal string offset 'text' in /Applications/MAMP/htdocs/2200/catalog/view/theme/custom_theme/template/product/category.tpl on line 90
2016-12-06 22:57:28 - PHP Warning:  Illegal string offset 'value' in /Applications/MAMP/htdocs/2200/catalog/view/theme/custom_theme/template/product/category.tpl on line 87
2016-12-06 22:57:28 - PHP Warning:  Illegal string offset 'href' in /Applications/MAMP/htdocs/2200/catalog/view/theme/custom_theme/template/product/category.tpl on line 90
2016-12-06 22:57:28 - PHP Warning:  Illegal string offset 'text' in /Applications/MAMP/htdocs/2200/catalog/view/theme/custom_theme/template/product/category.tpl on line 90
2016-12-06 22:57:32 - PHP Warning:  Illegal string offset 'value' in /Applications/MAMP/htdocs/2200/catalog/view/theme/custom_theme/template/product/category.tpl on line 87
2016-12-06 22:57:32 - PHP Warning:  Illegal string offset 'href' in /Applications/MAMP/htdocs/2200/catalog/view/theme/custom_theme/template/product/category.tpl on line 90
2016-12-06 22:57:32 - PHP Warning:  Illegal string offset 'text' in /Applications/MAMP/htdocs/2200/catalog/view/theme/custom_theme/template/product/category.tpl on line 90
2016-12-06 22:57:33 - PHP Warning:  Illegal string offset 'value' in /Applications/MAMP/htdocs/2200/catalog/view/theme/custom_theme/template/product/category.tpl on line 87
2016-12-06 22:57:33 - PHP Warning:  Illegal string offset 'href' in /Applications/MAMP/htdocs/2200/catalog/view/theme/custom_theme/template/product/category.tpl on line 90
2016-12-06 22:57:33 - PHP Warning:  Illegal string offset 'text' in /Applications/MAMP/htdocs/2200/catalog/view/theme/custom_theme/template/product/category.tpl on line 90
2016-12-06 22:58:21 - PHP Warning:  Illegal string offset 'value' in /Applications/MAMP/htdocs/2200/catalog/view/theme/custom_theme/template/product/category.tpl on line 87
2016-12-06 22:58:21 - PHP Warning:  Illegal string offset 'href' in /Applications/MAMP/htdocs/2200/catalog/view/theme/custom_theme/template/product/category.tpl on line 90
2016-12-06 22:58:21 - PHP Warning:  Illegal string offset 'text' in /Applications/MAMP/htdocs/2200/catalog/view/theme/custom_theme/template/product/category.tpl on line 90
2016-12-06 22:58:24 - PHP Warning:  Illegal string offset 'value' in /Applications/MAMP/htdocs/2200/catalog/view/theme/custom_theme/template/product/category.tpl on line 87
2016-12-06 22:58:24 - PHP Warning:  Illegal string offset 'href' in /Applications/MAMP/htdocs/2200/catalog/view/theme/custom_theme/template/product/category.tpl on line 90
2016-12-06 22:58:24 - PHP Warning:  Illegal string offset 'text' in /Applications/MAMP/htdocs/2200/catalog/view/theme/custom_theme/template/product/category.tpl on line 90
2016-12-06 23:01:27 - PHP Warning:  Illegal string offset 'value' in /Applications/MAMP/htdocs/2200/catalog/view/theme/custom_theme/template/product/category.tpl on line 87
2016-12-06 23:01:27 - PHP Warning:  Illegal string offset 'href' in /Applications/MAMP/htdocs/2200/catalog/view/theme/custom_theme/template/product/category.tpl on line 90
2016-12-06 23:01:27 - PHP Warning:  Illegal string offset 'text' in /Applications/MAMP/htdocs/2200/catalog/view/theme/custom_theme/template/product/category.tpl on line 90
2016-12-06 23:01:34 - PHP Warning:  Illegal string offset 'value' in /Applications/MAMP/htdocs/2200/catalog/view/theme/custom_theme/template/product/category.tpl on line 87
2016-12-06 23:01:34 - PHP Warning:  Illegal string offset 'href' in /Applications/MAMP/htdocs/2200/catalog/view/theme/custom_theme/template/product/category.tpl on line 90
2016-12-06 23:01:34 - PHP Warning:  Illegal string offset 'text' in /Applications/MAMP/htdocs/2200/catalog/view/theme/custom_theme/template/product/category.tpl on line 90
2016-12-06 23:07:27 - PHP Warning:  Illegal string offset 'value' in /Applications/MAMP/htdocs/2200/catalog/view/theme/custom_theme/template/product/category.tpl on line 87
2016-12-06 23:07:27 - PHP Warning:  Illegal string offset 'href' in /Applications/MAMP/htdocs/2200/catalog/view/theme/custom_theme/template/product/category.tpl on line 90
2016-12-06 23:07:27 - PHP Warning:  Illegal string offset 'text' in /Applications/MAMP/htdocs/2200/catalog/view/theme/custom_theme/template/product/category.tpl on line 90
2016-12-06 23:07:45 - PHP Warning:  Illegal string offset 'value' in /Applications/MAMP/htdocs/2200/catalog/view/theme/custom_theme/template/product/category.tpl on line 87
2016-12-06 23:07:45 - PHP Warning:  Illegal string offset 'href' in /Applications/MAMP/htdocs/2200/catalog/view/theme/custom_theme/template/product/category.tpl on line 90
2016-12-06 23:07:45 - PHP Warning:  Illegal string offset 'text' in /Applications/MAMP/htdocs/2200/catalog/view/theme/custom_theme/template/product/category.tpl on line 90
2016-12-06 23:09:01 - PHP Warning:  Illegal string offset 'value' in /Applications/MAMP/htdocs/2200/catalog/view/theme/custom_theme/template/product/category.tpl on line 87
2016-12-06 23:09:01 - PHP Warning:  Illegal string offset 'href' in /Applications/MAMP/htdocs/2200/catalog/view/theme/custom_theme/template/product/category.tpl on line 90
2016-12-06 23:09:01 - PHP Warning:  Illegal string offset 'text' in /Applications/MAMP/htdocs/2200/catalog/view/theme/custom_theme/template/product/category.tpl on line 90
2016-12-06 23:09:08 - PHP Warning:  Illegal string offset 'value' in /Applications/MAMP/htdocs/2200/catalog/view/theme/custom_theme/template/product/category.tpl on line 87
2016-12-06 23:09:08 - PHP Warning:  Illegal string offset 'href' in /Applications/MAMP/htdocs/2200/catalog/view/theme/custom_theme/template/product/category.tpl on line 90
2016-12-06 23:09:08 - PHP Warning:  Illegal string offset 'text' in /Applications/MAMP/htdocs/2200/catalog/view/theme/custom_theme/template/product/category.tpl on line 90
2016-12-06 23:11:20 - PHP Warning:  Illegal string offset 'value' in /Applications/MAMP/htdocs/2200/catalog/view/theme/custom_theme/template/product/category.tpl on line 87
2016-12-06 23:11:20 - PHP Warning:  Illegal string offset 'href' in /Applications/MAMP/htdocs/2200/catalog/view/theme/custom_theme/template/product/category.tpl on line 90
2016-12-06 23:11:20 - PHP Warning:  Illegal string offset 'text' in /Applications/MAMP/htdocs/2200/catalog/view/theme/custom_theme/template/product/category.tpl on line 90
2016-12-06 23:11:59 - PHP Warning:  Illegal string offset 'value' in /Applications/MAMP/htdocs/2200/catalog/view/theme/custom_theme/template/product/category.tpl on line 87
2016-12-06 23:11:59 - PHP Warning:  Illegal string offset 'href' in /Applications/MAMP/htdocs/2200/catalog/view/theme/custom_theme/template/product/category.tpl on line 90
2016-12-06 23:11:59 - PHP Warning:  Illegal string offset 'text' in /Applications/MAMP/htdocs/2200/catalog/view/theme/custom_theme/template/product/category.tpl on line 90
2016-12-06 23:12:06 - PHP Warning:  Illegal string offset 'value' in /Applications/MAMP/htdocs/2200/catalog/view/theme/custom_theme/template/product/category.tpl on line 87
2016-12-06 23:12:06 - PHP Warning:  Illegal string offset 'href' in /Applications/MAMP/htdocs/2200/catalog/view/theme/custom_theme/template/product/category.tpl on line 90
2016-12-06 23:12:06 - PHP Warning:  Illegal string offset 'text' in /Applications/MAMP/htdocs/2200/catalog/view/theme/custom_theme/template/product/category.tpl on line 90
2016-12-06 23:19:42 - PHP Warning:  Illegal string offset 'value' in /Applications/MAMP/htdocs/2200/catalog/view/theme/custom_theme/template/product/category.tpl on line 87
2016-12-06 23:19:42 - PHP Warning:  Illegal string offset 'href' in /Applications/MAMP/htdocs/2200/catalog/view/theme/custom_theme/template/product/category.tpl on line 90
2016-12-06 23:19:42 - PHP Warning:  Illegal string offset 'text' in /Applications/MAMP/htdocs/2200/catalog/view/theme/custom_theme/template/product/category.tpl on line 90
2016-12-06 23:26:39 - PHP Warning:  Illegal string offset 'value' in /Applications/MAMP/htdocs/2200/catalog/view/theme/custom_theme/template/product/category.tpl on line 87
2016-12-06 23:26:39 - PHP Warning:  Illegal string offset 'href' in /Applications/MAMP/htdocs/2200/catalog/view/theme/custom_theme/template/product/category.tpl on line 90
2016-12-06 23:26:39 - PHP Warning:  Illegal string offset 'text' in /Applications/MAMP/htdocs/2200/catalog/view/theme/custom_theme/template/product/category.tpl on line 90
2016-12-06 23:27:07 - PHP Warning:  Illegal string offset 'value' in /Applications/MAMP/htdocs/2200/catalog/view/theme/custom_theme/template/product/category.tpl on line 87
2016-12-06 23:27:07 - PHP Warning:  Illegal string offset 'href' in /Applications/MAMP/htdocs/2200/catalog/view/theme/custom_theme/template/product/category.tpl on line 90
2016-12-06 23:27:07 - PHP Warning:  Illegal string offset 'text' in /Applications/MAMP/htdocs/2200/catalog/view/theme/custom_theme/template/product/category.tpl on line 90
2016-12-06 23:27:13 - PHP Warning:  Illegal string offset 'value' in /Applications/MAMP/htdocs/2200/catalog/view/theme/custom_theme/template/product/category.tpl on line 87
2016-12-06 23:27:13 - PHP Warning:  Illegal string offset 'href' in /Applications/MAMP/htdocs/2200/catalog/view/theme/custom_theme/template/product/category.tpl on line 90
2016-12-06 23:27:13 - PHP Warning:  Illegal string offset 'text' in /Applications/MAMP/htdocs/2200/catalog/view/theme/custom_theme/template/product/category.tpl on line 90
2016-12-06 23:27:17 - PHP Warning:  Illegal string offset 'value' in /Applications/MAMP/htdocs/2200/catalog/view/theme/custom_theme/template/product/category.tpl on line 87
2016-12-06 23:27:17 - PHP Warning:  Illegal string offset 'href' in /Applications/MAMP/htdocs/2200/catalog/view/theme/custom_theme/template/product/category.tpl on line 90
2016-12-06 23:27:17 - PHP Warning:  Illegal string offset 'text' in /Applications/MAMP/htdocs/2200/catalog/view/theme/custom_theme/template/product/category.tpl on line 90
2016-12-06 23:31:37 - PHP Warning:  Illegal string offset 'value' in /Applications/MAMP/htdocs/2200/catalog/view/theme/custom_theme/template/product/category.tpl on line 87
2016-12-06 23:31:37 - PHP Warning:  Illegal string offset 'href' in /Applications/MAMP/htdocs/2200/catalog/view/theme/custom_theme/template/product/category.tpl on line 90
2016-12-06 23:31:37 - PHP Warning:  Illegal string offset 'text' in /Applications/MAMP/htdocs/2200/catalog/view/theme/custom_theme/template/product/category.tpl on line 90
2016-12-06 23:32:24 - PHP Warning:  Illegal string offset 'value' in /Applications/MAMP/htdocs/2200/catalog/view/theme/custom_theme/template/product/category.tpl on line 87
2016-12-06 23:32:24 - PHP Warning:  Illegal string offset 'href' in /Applications/MAMP/htdocs/2200/catalog/view/theme/custom_theme/template/product/category.tpl on line 90
2016-12-06 23:32:24 - PHP Warning:  Illegal string offset 'text' in /Applications/MAMP/htdocs/2200/catalog/view/theme/custom_theme/template/product/category.tpl on line 90
2016-12-06 23:32:59 - PHP Warning:  Illegal string offset 'value' in /Applications/MAMP/htdocs/2200/catalog/view/theme/custom_theme/template/product/category.tpl on line 87
2016-12-06 23:32:59 - PHP Warning:  Illegal string offset 'href' in /Applications/MAMP/htdocs/2200/catalog/view/theme/custom_theme/template/product/category.tpl on line 90
2016-12-06 23:32:59 - PHP Warning:  Illegal string offset 'text' in /Applications/MAMP/htdocs/2200/catalog/view/theme/custom_theme/template/product/category.tpl on line 90
2016-12-06 23:33:43 - PHP Warning:  Illegal string offset 'value' in /Applications/MAMP/htdocs/2200/catalog/view/theme/custom_theme/template/product/category.tpl on line 87
2016-12-06 23:33:43 - PHP Warning:  Illegal string offset 'href' in /Applications/MAMP/htdocs/2200/catalog/view/theme/custom_theme/template/product/category.tpl on line 90
2016-12-06 23:33:43 - PHP Warning:  Illegal string offset 'text' in /Applications/MAMP/htdocs/2200/catalog/view/theme/custom_theme/template/product/category.tpl on line 90
2016-12-07 21:26:08 - PHP Warning:  Illegal string offset 'value' in /Applications/MAMP/htdocs/2200/catalog/view/theme/custom_theme/template/product/category.tpl on line 87
2016-12-07 21:26:08 - PHP Warning:  Illegal string offset 'href' in /Applications/MAMP/htdocs/2200/catalog/view/theme/custom_theme/template/product/category.tpl on line 90
2016-12-07 21:26:08 - PHP Warning:  Illegal string offset 'text' in /Applications/MAMP/htdocs/2200/catalog/view/theme/custom_theme/template/product/category.tpl on line 90
2016-12-08 19:50:05 - PHP Notice:  Undefined variable: product_info in /Applications/MAMP/htdocs/2200/catalog/view/theme/custom_theme/template/product/product.tpl on line 38
2016-12-08 19:50:23 - PHP Notice:  Undefined variable: product in /Applications/MAMP/htdocs/2200/catalog/view/theme/custom_theme/template/product/product.tpl on line 38
2016-12-08 21:59:17 - PHP Notice:  Array to string conversion in /Applications/MAMP/htdocs/2200/catalog/view/theme/custom_theme/template/product/product.tpl on line 27
2016-12-08 21:59:28 - PHP Notice:  Array to string conversion in /Applications/MAMP/htdocs/2200/catalog/view/theme/custom_theme/template/product/product.tpl on line 27
2016-12-08 22:29:20 - PHP Notice:  Undefined property: Image::$info in /Applications/MAMP/htdocs/2200/system/library/image.php on line 136
2016-12-08 22:29:20 - PHP Notice:  Use of undefined constant HTTP_IMAGE - assumed 'HTTP_IMAGE' in /Applications/MAMP/htdocs/2200/catalog/model/tool/image.php on line 78
2016-12-08 23:01:39 - PHP Notice:  Use of undefined constant HTTP_IMAGE - assumed 'HTTP_IMAGE' in /Applications/MAMP/htdocs/2200/catalog/model/tool/image.php on line 78
2016-12-08 23:01:39 - PHP Notice:  Undefined property: Image::$info in /Applications/MAMP/htdocs/2200/system/library/image.php on line 136
2016-12-08 23:01:39 - PHP Notice:  Use of undefined constant HTTP_IMAGE - assumed 'HTTP_IMAGE' in /Applications/MAMP/htdocs/2200/catalog/model/tool/image.php on line 78
2016-12-08 23:01:39 - PHP Notice:  Undefined property: Image::$info in /Applications/MAMP/htdocs/2200/system/library/image.php on line 136
2016-12-08 23:01:39 - PHP Notice:  Use of undefined constant HTTP_IMAGE - assumed 'HTTP_IMAGE' in /Applications/MAMP/htdocs/2200/catalog/model/tool/image.php on line 78
2016-12-08 23:01:39 - PHP Notice:  Undefined property: Image::$info in /Applications/MAMP/htdocs/2200/system/library/image.php on line 136
2016-12-08 23:01:40 - PHP Notice:  Use of undefined constant HTTP_IMAGE - assumed 'HTTP_IMAGE' in /Applications/MAMP/htdocs/2200/catalog/model/tool/image.php on line 78
2016-12-08 23:01:40 - PHP Notice:  Undefined property: Image::$info in /Applications/MAMP/htdocs/2200/system/library/image.php on line 136
2016-12-08 23:01:40 - PHP Notice:  Use of undefined constant HTTP_IMAGE - assumed 'HTTP_IMAGE' in /Applications/MAMP/htdocs/2200/catalog/model/tool/image.php on line 78
2016-12-08 23:01:40 - PHP Notice:  Undefined property: Image::$info in /Applications/MAMP/htdocs/2200/system/library/image.php on line 136
2016-12-08 23:01:40 - PHP Notice:  Use of undefined constant HTTP_IMAGE - assumed 'HTTP_IMAGE' in /Applications/MAMP/htdocs/2200/catalog/model/tool/image.php on line 78
2016-12-08 23:01:40 - PHP Notice:  Undefined property: Image::$info in /Applications/MAMP/htdocs/2200/system/library/image.php on line 136
2016-12-08 23:01:40 - PHP Notice:  Use of undefined constant HTTP_IMAGE - assumed 'HTTP_IMAGE' in /Applications/MAMP/htdocs/2200/catalog/model/tool/image.php on line 78
2016-12-08 23:01:40 - PHP Notice:  Undefined property: Image::$info in /Applications/MAMP/htdocs/2200/system/library/image.php on line 136
2016-12-08 23:01:40 - PHP Notice:  Use of undefined constant HTTP_IMAGE - assumed 'HTTP_IMAGE' in /Applications/MAMP/htdocs/2200/catalog/model/tool/image.php on line 78
2016-12-08 23:01:41 - PHP Notice:  Undefined property: Image::$info in /Applications/MAMP/htdocs/2200/system/library/image.php on line 136
2016-12-08 23:01:41 - PHP Notice:  Use of undefined constant HTTP_IMAGE - assumed 'HTTP_IMAGE' in /Applications/MAMP/htdocs/2200/catalog/model/tool/image.php on line 78
2016-12-08 23:01:41 - PHP Notice:  Undefined property: Image::$info in /Applications/MAMP/htdocs/2200/system/library/image.php on line 136
2016-12-08 23:01:41 - PHP Notice:  Use of undefined constant HTTP_IMAGE - assumed 'HTTP_IMAGE' in /Applications/MAMP/htdocs/2200/catalog/model/tool/image.php on line 78
2016-12-08 23:01:51 - PHP Notice:  Use of undefined constant HTTP_IMAGE - assumed 'HTTP_IMAGE' in /Applications/MAMP/htdocs/2200/catalog/model/tool/image.php on line 78
2016-12-08 23:01:51 - PHP Notice:  Use of undefined constant HTTP_IMAGE - assumed 'HTTP_IMAGE' in /Applications/MAMP/htdocs/2200/catalog/model/tool/image.php on line 78
2016-12-08 23:01:51 - PHP Notice:  Use of undefined constant HTTP_IMAGE - assumed 'HTTP_IMAGE' in /Applications/MAMP/htdocs/2200/catalog/model/tool/image.php on line 78
2016-12-08 23:01:51 - PHP Notice:  Use of undefined constant HTTP_IMAGE - assumed 'HTTP_IMAGE' in /Applications/MAMP/htdocs/2200/catalog/model/tool/image.php on line 78
2016-12-08 23:01:51 - PHP Notice:  Use of undefined constant HTTP_IMAGE - assumed 'HTTP_IMAGE' in /Applications/MAMP/htdocs/2200/catalog/model/tool/image.php on line 78
2016-12-08 23:01:51 - PHP Notice:  Use of undefined constant HTTP_IMAGE - assumed 'HTTP_IMAGE' in /Applications/MAMP/htdocs/2200/catalog/model/tool/image.php on line 78
2016-12-08 23:01:51 - PHP Notice:  Use of undefined constant HTTP_IMAGE - assumed 'HTTP_IMAGE' in /Applications/MAMP/htdocs/2200/catalog/model/tool/image.php on line 78
2016-12-08 23:01:51 - PHP Notice:  Use of undefined constant HTTP_IMAGE - assumed 'HTTP_IMAGE' in /Applications/MAMP/htdocs/2200/catalog/model/tool/image.php on line 78
2016-12-08 23:01:51 - PHP Notice:  Use of undefined constant HTTP_IMAGE - assumed 'HTTP_IMAGE' in /Applications/MAMP/htdocs/2200/catalog/model/tool/image.php on line 78
2016-12-08 23:01:51 - PHP Notice:  Use of undefined constant HTTP_IMAGE - assumed 'HTTP_IMAGE' in /Applications/MAMP/htdocs/2200/catalog/model/tool/image.php on line 78
2016-12-08 23:01:59 - PHP Notice:  Use of undefined constant HTTP_IMAGE - assumed 'HTTP_IMAGE' in /Applications/MAMP/htdocs/2200/catalog/model/tool/image.php on line 78
2016-12-08 23:02:12 - PHP Notice:  Use of undefined constant HTTP_IMAGE - assumed 'HTTP_IMAGE' in /Applications/MAMP/htdocs/2200/catalog/model/tool/image.php on line 78
2016-12-08 23:02:12 - PHP Notice:  Use of undefined constant HTTP_IMAGE - assumed 'HTTP_IMAGE' in /Applications/MAMP/htdocs/2200/catalog/model/tool/image.php on line 78
2016-12-08 23:02:12 - PHP Notice:  Use of undefined constant HTTP_IMAGE - assumed 'HTTP_IMAGE' in /Applications/MAMP/htdocs/2200/catalog/model/tool/image.php on line 78
2016-12-08 23:02:12 - PHP Notice:  Use of undefined constant HTTP_IMAGE - assumed 'HTTP_IMAGE' in /Applications/MAMP/htdocs/2200/catalog/model/tool/image.php on line 78
2016-12-08 23:02:12 - PHP Notice:  Use of undefined constant HTTP_IMAGE - assumed 'HTTP_IMAGE' in /Applications/MAMP/htdocs/2200/catalog/model/tool/image.php on line 78
2016-12-08 23:02:12 - PHP Notice:  Use of undefined constant HTTP_IMAGE - assumed 'HTTP_IMAGE' in /Applications/MAMP/htdocs/2200/catalog/model/tool/image.php on line 78
2016-12-08 23:02:12 - PHP Notice:  Use of undefined constant HTTP_IMAGE - assumed 'HTTP_IMAGE' in /Applications/MAMP/htdocs/2200/catalog/model/tool/image.php on line 78
2016-12-08 23:02:12 - PHP Notice:  Use of undefined constant HTTP_IMAGE - assumed 'HTTP_IMAGE' in /Applications/MAMP/htdocs/2200/catalog/model/tool/image.php on line 78
2016-12-08 23:02:12 - PHP Notice:  Use of undefined constant HTTP_IMAGE - assumed 'HTTP_IMAGE' in /Applications/MAMP/htdocs/2200/catalog/model/tool/image.php on line 78
2016-12-08 23:02:12 - PHP Notice:  Use of undefined constant HTTP_IMAGE - assumed 'HTTP_IMAGE' in /Applications/MAMP/htdocs/2200/catalog/model/tool/image.php on line 78
2016-12-09 18:56:57 - PHP Notice:  Undefined property: Image::$info in /Applications/MAMP/htdocs/2200/system/library/image.php on line 136
2016-12-09 18:56:58 - PHP Notice:  Undefined property: Image::$info in /Applications/MAMP/htdocs/2200/system/library/image.php on line 136
2016-12-09 18:56:58 - PHP Notice:  Undefined property: Image::$info in /Applications/MAMP/htdocs/2200/system/library/image.php on line 136
2016-12-09 18:56:58 - PHP Notice:  Undefined property: Image::$info in /Applications/MAMP/htdocs/2200/system/library/image.php on line 136
2016-12-09 18:57:53 - PHP Notice:  Undefined property: Image::$info in /Applications/MAMP/htdocs/2200/system/library/image.php on line 136
2016-12-09 18:57:54 - PHP Notice:  Undefined property: Image::$info in /Applications/MAMP/htdocs/2200/system/library/image.php on line 136
2016-12-09 18:57:54 - PHP Notice:  Undefined property: Image::$info in /Applications/MAMP/htdocs/2200/system/library/image.php on line 136
2016-12-09 18:57:54 - PHP Notice:  Undefined property: Image::$info in /Applications/MAMP/htdocs/2200/system/library/image.php on line 136
2016-12-09 18:57:55 - PHP Notice:  Undefined property: Image::$info in /Applications/MAMP/htdocs/2200/system/library/image.php on line 136
2016-12-09 18:57:55 - PHP Notice:  Undefined property: Image::$info in /Applications/MAMP/htdocs/2200/system/library/image.php on line 136
2016-12-09 18:57:55 - PHP Notice:  Undefined property: Image::$info in /Applications/MAMP/htdocs/2200/system/library/image.php on line 136
2016-12-09 18:57:56 - PHP Notice:  Undefined property: Image::$info in /Applications/MAMP/htdocs/2200/system/library/image.php on line 136
2016-12-09 18:57:56 - PHP Notice:  Undefined property: Image::$info in /Applications/MAMP/htdocs/2200/system/library/image.php on line 136
2016-12-09 18:57:56 - PHP Notice:  Undefined property: Image::$info in /Applications/MAMP/htdocs/2200/system/library/image.php on line 136
2016-12-09 18:57:57 - PHP Notice:  Undefined property: Image::$info in /Applications/MAMP/htdocs/2200/system/library/image.php on line 136
2016-12-09 19:24:18 - PHP Notice:  Undefined property: Image::$info in /Applications/MAMP/htdocs/2200/system/library/image.php on line 136
2016-12-09 19:24:18 - PHP Notice:  Undefined property: Image::$info in /Applications/MAMP/htdocs/2200/system/library/image.php on line 136
2016-12-09 19:24:19 - PHP Notice:  Undefined property: Image::$info in /Applications/MAMP/htdocs/2200/system/library/image.php on line 136
2016-12-09 19:24:19 - PHP Notice:  Undefined property: Image::$info in /Applications/MAMP/htdocs/2200/system/library/image.php on line 136
2016-12-09 19:24:19 - PHP Notice:  Undefined property: Image::$info in /Applications/MAMP/htdocs/2200/system/library/image.php on line 136
2016-12-09 19:24:19 - PHP Notice:  Undefined property: Image::$info in /Applications/MAMP/htdocs/2200/system/library/image.php on line 136
2016-12-09 19:24:20 - PHP Notice:  Undefined property: Image::$info in /Applications/MAMP/htdocs/2200/system/library/image.php on line 136
2016-12-09 19:24:20 - PHP Notice:  Undefined property: Image::$info in /Applications/MAMP/htdocs/2200/system/library/image.php on line 136
2016-12-09 19:24:20 - PHP Notice:  Undefined property: Image::$info in /Applications/MAMP/htdocs/2200/system/library/image.php on line 136
2016-12-09 19:24:20 - PHP Notice:  Undefined property: Image::$info in /Applications/MAMP/htdocs/2200/system/library/image.php on line 136
2016-12-09 19:24:20 - PHP Notice:  Undefined property: Image::$info in /Applications/MAMP/htdocs/2200/system/library/image.php on line 136
2016-12-09 19:24:21 - PHP Notice:  Undefined property: Image::$info in /Applications/MAMP/htdocs/2200/system/library/image.php on line 136
2016-12-09 19:24:21 - PHP Notice:  Undefined property: Image::$info in /Applications/MAMP/htdocs/2200/system/library/image.php on line 136
2016-12-09 19:24:21 - PHP Notice:  Undefined property: Image::$info in /Applications/MAMP/htdocs/2200/system/library/image.php on line 136
2016-12-09 19:24:21 - PHP Notice:  Undefined property: Image::$info in /Applications/MAMP/htdocs/2200/system/library/image.php on line 136
2016-12-09 19:30:55 - PHP Notice:  Undefined property: Image::$info in /Applications/MAMP/htdocs/2200/system/library/image.php on line 136
2016-12-09 19:30:56 - PHP Notice:  Undefined property: Image::$info in /Applications/MAMP/htdocs/2200/system/library/image.php on line 136
2016-12-09 19:30:57 - PHP Notice:  Undefined property: Image::$info in /Applications/MAMP/htdocs/2200/system/library/image.php on line 136
2016-12-09 19:30:57 - PHP Notice:  Undefined property: Image::$info in /Applications/MAMP/htdocs/2200/system/library/image.php on line 136
2016-12-09 19:30:58 - PHP Notice:  Undefined property: Image::$info in /Applications/MAMP/htdocs/2200/system/library/image.php on line 136
2016-12-09 19:30:58 - PHP Notice:  Undefined property: Image::$info in /Applications/MAMP/htdocs/2200/system/library/image.php on line 136
2016-12-09 19:30:59 - PHP Notice:  Undefined property: Image::$info in /Applications/MAMP/htdocs/2200/system/library/image.php on line 136
2016-12-09 19:30:59 - PHP Notice:  Undefined property: Image::$info in /Applications/MAMP/htdocs/2200/system/library/image.php on line 136
2016-12-09 19:31:00 - PHP Notice:  Undefined property: Image::$info in /Applications/MAMP/htdocs/2200/system/library/image.php on line 136
2016-12-09 19:31:00 - PHP Notice:  Undefined property: Image::$info in /Applications/MAMP/htdocs/2200/system/library/image.php on line 136
2016-12-09 19:31:00 - PHP Notice:  Undefined property: Image::$info in /Applications/MAMP/htdocs/2200/system/library/image.php on line 136
2016-12-09 20:35:12 - PHP Notice:  Undefined property: Image::$info in /Applications/MAMP/htdocs/2200/system/library/image.php on line 136
2016-12-09 20:35:12 - PHP Notice:  Undefined property: Image::$info in /Applications/MAMP/htdocs/2200/system/library/image.php on line 136
2016-12-09 20:35:13 - PHP Notice:  Undefined property: Image::$info in /Applications/MAMP/htdocs/2200/system/library/image.php on line 136
2016-12-09 20:35:13 - PHP Notice:  Undefined property: Image::$info in /Applications/MAMP/htdocs/2200/system/library/image.php on line 136
2016-12-09 20:35:13 - PHP Notice:  Undefined property: Image::$info in /Applications/MAMP/htdocs/2200/system/library/image.php on line 136
2016-12-09 20:35:13 - PHP Notice:  Undefined property: Image::$info in /Applications/MAMP/htdocs/2200/system/library/image.php on line 136
2016-12-09 20:35:14 - PHP Notice:  Undefined property: Image::$info in /Applications/MAMP/htdocs/2200/system/library/image.php on line 136
2016-12-09 20:35:14 - PHP Notice:  Undefined property: Image::$info in /Applications/MAMP/htdocs/2200/system/library/image.php on line 136
2016-12-09 20:35:14 - PHP Notice:  Undefined property: Image::$info in /Applications/MAMP/htdocs/2200/system/library/image.php on line 136
2016-12-09 20:35:14 - PHP Notice:  Undefined property: Image::$info in /Applications/MAMP/htdocs/2200/system/library/image.php on line 136
2016-12-09 20:35:14 - PHP Notice:  Undefined property: Image::$info in /Applications/MAMP/htdocs/2200/system/library/image.php on line 136
2016-12-09 20:35:15 - PHP Notice:  Undefined property: Image::$info in /Applications/MAMP/htdocs/2200/system/library/image.php on line 136
2016-12-09 20:35:15 - PHP Notice:  Undefined property: Image::$info in /Applications/MAMP/htdocs/2200/system/library/image.php on line 136
2016-12-09 20:35:15 - PHP Notice:  Undefined property: Image::$info in /Applications/MAMP/htdocs/2200/system/library/image.php on line 136
2016-12-09 20:35:15 - PHP Notice:  Undefined property: Image::$info in /Applications/MAMP/htdocs/2200/system/library/image.php on line 136
2016-12-09 20:35:33 - PHP Notice:  Undefined property: Image::$info in /Applications/MAMP/htdocs/2200/system/library/image.php on line 136
2016-12-09 20:35:33 - PHP Notice:  Undefined property: Image::$info in /Applications/MAMP/htdocs/2200/system/library/image.php on line 136
2016-12-09 20:35:33 - PHP Notice:  Undefined property: Image::$info in /Applications/MAMP/htdocs/2200/system/library/image.php on line 136
2016-12-09 20:35:33 - PHP Notice:  Undefined property: Image::$info in /Applications/MAMP/htdocs/2200/system/library/image.php on line 136
2016-12-09 20:35:34 - PHP Notice:  Undefined property: Image::$info in /Applications/MAMP/htdocs/2200/system/library/image.php on line 136
2016-12-09 20:35:34 - PHP Notice:  Undefined property: Image::$info in /Applications/MAMP/htdocs/2200/system/library/image.php on line 136
2016-12-09 20:35:34 - PHP Notice:  Undefined property: Image::$info in /Applications/MAMP/htdocs/2200/system/library/image.php on line 136
2016-12-09 20:35:34 - PHP Notice:  Undefined property: Image::$info in /Applications/MAMP/htdocs/2200/system/library/image.php on line 136
2016-12-09 20:35:34 - PHP Notice:  Undefined property: Image::$info in /Applications/MAMP/htdocs/2200/system/library/image.php on line 136
2016-12-09 20:35:35 - PHP Notice:  Undefined property: Image::$info in /Applications/MAMP/htdocs/2200/system/library/image.php on line 136
2016-12-09 20:40:45 - PHP Notice:  Undefined property: Image::$info in /Applications/MAMP/htdocs/2200/system/library/image.php on line 136
2016-12-09 20:40:45 - PHP Notice:  Undefined property: Image::$info in /Applications/MAMP/htdocs/2200/system/library/image.php on line 136
2016-12-09 20:40:46 - PHP Notice:  Undefined property: Image::$info in /Applications/MAMP/htdocs/2200/system/library/image.php on line 136
2016-12-09 20:40:46 - PHP Notice:  Undefined property: Image::$info in /Applications/MAMP/htdocs/2200/system/library/image.php on line 136
2016-12-09 20:40:47 - PHP Notice:  Undefined property: Image::$info in /Applications/MAMP/htdocs/2200/system/library/image.php on line 136
2016-12-09 20:40:47 - PHP Notice:  Undefined property: Image::$info in /Applications/MAMP/htdocs/2200/system/library/image.php on line 136
2016-12-09 20:40:48 - PHP Notice:  Undefined property: Image::$info in /Applications/MAMP/htdocs/2200/system/library/image.php on line 136
2016-12-09 20:40:48 - PHP Notice:  Undefined property: Image::$info in /Applications/MAMP/htdocs/2200/system/library/image.php on line 136
2016-12-09 20:40:49 - PHP Notice:  Undefined property: Image::$info in /Applications/MAMP/htdocs/2200/system/library/image.php on line 136
2016-12-09 20:40:50 - PHP Notice:  Undefined property: Image::$info in /Applications/MAMP/htdocs/2200/system/library/image.php on line 136
2016-12-09 20:40:50 - PHP Notice:  Undefined property: Image::$info in /Applications/MAMP/htdocs/2200/system/library/image.php on line 136
2016-12-09 20:40:51 - PHP Notice:  Undefined property: Image::$info in /Applications/MAMP/htdocs/2200/system/library/image.php on line 136
2016-12-09 20:40:51 - PHP Notice:  Undefined property: Image::$info in /Applications/MAMP/htdocs/2200/system/library/image.php on line 136
2016-12-09 20:40:52 - PHP Notice:  Undefined property: Image::$info in /Applications/MAMP/htdocs/2200/system/library/image.php on line 136
2016-12-09 20:40:52 - PHP Notice:  Undefined property: Image::$info in /Applications/MAMP/htdocs/2200/system/library/image.php on line 136
2016-12-09 20:40:53 - PHP Notice:  Undefined property: Image::$info in /Applications/MAMP/htdocs/2200/system/library/image.php on line 136
2016-12-09 20:40:53 - PHP Notice:  Undefined property: Image::$info in /Applications/MAMP/htdocs/2200/system/library/image.php on line 136
2016-12-09 20:40:54 - PHP Notice:  Undefined property: Image::$info in /Applications/MAMP/htdocs/2200/system/library/image.php on line 136
2016-12-09 20:40:54 - PHP Notice:  Undefined property: Image::$info in /Applications/MAMP/htdocs/2200/system/library/image.php on line 136
2016-12-09 20:40:55 - PHP Notice:  Undefined property: Image::$info in /Applications/MAMP/htdocs/2200/system/library/image.php on line 136
2016-12-09 20:40:55 - PHP Notice:  Undefined property: Image::$info in /Applications/MAMP/htdocs/2200/system/library/image.php on line 136
2016-12-09 20:40:56 - PHP Notice:  Undefined property: Image::$info in /Applications/MAMP/htdocs/2200/system/library/image.php on line 136
2016-12-09 20:40:56 - PHP Notice:  Undefined property: Image::$info in /Applications/MAMP/htdocs/2200/system/library/image.php on line 136
2016-12-09 20:49:14 - PHP Notice:  Undefined property: Image::$info in /Applications/MAMP/htdocs/2200/system/library/image.php on line 136
2016-12-09 20:49:15 - PHP Notice:  Undefined property: Image::$info in /Applications/MAMP/htdocs/2200/system/library/image.php on line 136
2016-12-09 20:49:15 - PHP Notice:  Undefined property: Image::$info in /Applications/MAMP/htdocs/2200/system/library/image.php on line 136
2016-12-09 20:49:15 - PHP Notice:  Undefined property: Image::$info in /Applications/MAMP/htdocs/2200/system/library/image.php on line 136
2016-12-09 20:49:15 - PHP Notice:  Undefined property: Image::$info in /Applications/MAMP/htdocs/2200/system/library/image.php on line 136
2016-12-09 20:49:15 - PHP Notice:  Undefined property: Image::$info in /Applications/MAMP/htdocs/2200/system/library/image.php on line 136
2016-12-09 20:49:16 - PHP Notice:  Undefined property: Image::$info in /Applications/MAMP/htdocs/2200/system/library/image.php on line 136
2016-12-09 20:49:16 - PHP Notice:  Undefined property: Image::$info in /Applications/MAMP/htdocs/2200/system/library/image.php on line 136
2016-12-09 20:49:16 - PHP Notice:  Undefined property: Image::$info in /Applications/MAMP/htdocs/2200/system/library/image.php on line 136
2016-12-09 20:49:16 - PHP Notice:  Undefined property: Image::$info in /Applications/MAMP/htdocs/2200/system/library/image.php on line 136
2016-12-09 20:49:17 - PHP Notice:  Undefined property: Image::$info in /Applications/MAMP/htdocs/2200/system/library/image.php on line 136
2016-12-09 20:49:17 - PHP Notice:  Undefined property: Image::$info in /Applications/MAMP/htdocs/2200/system/library/image.php on line 136
2016-12-09 20:49:17 - PHP Notice:  Undefined property: Image::$info in /Applications/MAMP/htdocs/2200/system/library/image.php on line 136
2016-12-09 20:49:17 - PHP Notice:  Undefined property: Image::$info in /Applications/MAMP/htdocs/2200/system/library/image.php on line 136
2016-12-09 20:49:18 - PHP Notice:  Undefined property: Image::$info in /Applications/MAMP/htdocs/2200/system/library/image.php on line 136
2016-12-09 20:49:18 - PHP Notice:  Undefined property: Image::$info in /Applications/MAMP/htdocs/2200/system/library/image.php on line 136
2016-12-09 20:49:18 - PHP Notice:  Undefined property: Image::$info in /Applications/MAMP/htdocs/2200/system/library/image.php on line 136
2016-12-09 20:49:18 - PHP Notice:  Undefined property: Image::$info in /Applications/MAMP/htdocs/2200/system/library/image.php on line 136
2016-12-09 20:49:25 - PHP Notice:  Undefined property: Image::$info in /Applications/MAMP/htdocs/2200/system/library/image.php on line 136
2016-12-09 20:49:26 - PHP Notice:  Undefined property: Image::$info in /Applications/MAMP/htdocs/2200/system/library/image.php on line 136
2016-12-09 20:49:27 - PHP Notice:  Undefined property: Image::$info in /Applications/MAMP/htdocs/2200/system/library/image.php on line 136
2016-12-09 20:49:27 - PHP Notice:  Undefined property: Image::$info in /Applications/MAMP/htdocs/2200/system/library/image.php on line 136
2016-12-09 20:49:28 - PHP Notice:  Undefined property: Image::$info in /Applications/MAMP/htdocs/2200/system/library/image.php on line 136
2016-12-09 20:49:29 - PHP Notice:  Undefined property: Image::$info in /Applications/MAMP/htdocs/2200/system/library/image.php on line 136
2016-12-09 20:49:30 - PHP Notice:  Undefined property: Image::$info in /Applications/MAMP/htdocs/2200/system/library/image.php on line 136
2016-12-09 20:49:30 - PHP Notice:  Undefined property: Image::$info in /Applications/MAMP/htdocs/2200/system/library/image.php on line 136
2016-12-09 20:49:31 - PHP Notice:  Undefined property: Image::$info in /Applications/MAMP/htdocs/2200/system/library/image.php on line 136
2016-12-09 20:50:02 - PHP Notice:  Undefined property: Image::$info in /Applications/MAMP/htdocs/2200/system/library/image.php on line 136
2016-12-09 20:50:03 - PHP Notice:  Undefined property: Image::$info in /Applications/MAMP/htdocs/2200/system/library/image.php on line 136
2016-12-09 20:50:03 - PHP Notice:  Undefined property: Image::$info in /Applications/MAMP/htdocs/2200/system/library/image.php on line 136
2016-12-09 20:50:04 - PHP Notice:  Undefined property: Image::$info in /Applications/MAMP/htdocs/2200/system/library/image.php on line 136
2016-12-09 20:50:04 - PHP Notice:  Undefined property: Image::$info in /Applications/MAMP/htdocs/2200/system/library/image.php on line 136
2016-12-09 20:50:04 - PHP Notice:  Undefined property: Image::$info in /Applications/MAMP/htdocs/2200/system/library/image.php on line 136
2016-12-09 20:50:05 - PHP Notice:  Undefined property: Image::$info in /Applications/MAMP/htdocs/2200/system/library/image.php on line 136
