---------- Date: 2017-01-09 14:09:13 ~ IP : 68.174.101.251 ----------
REQUEST URI : /admin/index.php?route=extension/installer&token=b2Y5VHjATvdHiPkQkZ9Gyuz2Jaae5OlP
MOD DETAILS:
   modFile   : /home/content/80/9820080/html/vqmod/xml/a_vqmod_d_quickcheckout.xml
   id        : AJAX QUICK CHECKOUT V6 BY DREAMVENTION
   version   : 2.0.0.0
   vqmver    : 2.2.1
   author    : dreamvention.com
VQModObject::parseMods - Could not resolve path for [system/library/tax.php] (SKIPPED)
VQModObject::parseMods - Could not resolve path for [system/library/tax.php] (SKIPPED)
VQModObject::parseMods - Could not resolve path for [system/library/tax.php] (SKIPPED)
----------------------------------------------------------------------


---------- Date: 2017-01-09 14:17:03 ~ IP : 68.174.101.251 ----------
REQUEST URI : /admin/index.php?route=extension/module&token=b2Y5VHjATvdHiPkQkZ9Gyuz2Jaae5OlP
MOD DETAILS:
   modFile   : /home/content/80/9820080/html/vqmod/xml/a_vqmod_d_quickcheckout.xml
   id        : AJAX QUICK CHECKOUT V6 BY DREAMVENTION
   version   : 2.0.0.0
   vqmver    : 2.2.1
   author    : dreamvention.com
VQModObject::parseMods - Could not resolve path for [system/library/tax.php] (SKIPPED)
VQModObject::parseMods - Could not resolve path for [system/library/tax.php] (SKIPPED)
VQModObject::parseMods - Could not resolve path for [system/library/tax.php] (SKIPPED)
----------------------------------------------------------------------


---------- Date: 2017-01-09 14:26:39 ~ IP : 68.174.101.251 ----------
REQUEST URI : /admin/index.php?route=catalog/product/edit&token=H0fNStaNmMrUKnNc5NIgPIRGnJJSKQKI&product_id=297&filter_model=SS1520
MOD DETAILS:
   modFile   : /home/content/80/9820080/html/vqmod/xml/a_vqmod_d_quickcheckout.xml
   id        : AJAX QUICK CHECKOUT V6 BY DREAMVENTION
   version   : 2.0.0.0
   vqmver    : 2.2.1
   author    : dreamvention.com
VQModObject::parseMods - Could not resolve path for [system/library/tax.php] (SKIPPED)
VQModObject::parseMods - Could not resolve path for [system/library/tax.php] (SKIPPED)
VQModObject::parseMods - Could not resolve path for [system/library/tax.php] (SKIPPED)
----------------------------------------------------------------------


---------- Date: 2017-01-09 14:27:21 ~ IP : 68.174.101.251 ----------
REQUEST URI : /admin/index.php?route=extension/module&token=b2Y5VHjATvdHiPkQkZ9Gyuz2Jaae5OlP
MOD DETAILS:
   modFile   : /home/content/80/9820080/html/vqmod/xml/a_vqmod_d_quickcheckout.xml
   id        : AJAX QUICK CHECKOUT V6 BY DREAMVENTION
   version   : 2.0.0.0
   vqmver    : 2.2.1
   author    : dreamvention.com
VQModObject::parseMods - Could not resolve path for [system/library/tax.php] (SKIPPED)
VQModObject::parseMods - Could not resolve path for [system/library/tax.php] (SKIPPED)
VQModObject::parseMods - Could not resolve path for [system/library/tax.php] (SKIPPED)
----------------------------------------------------------------------


